     1 00000000                                 [FORMAT "WCOFF"]
     2 00000000                                 [INSTRSET "i486p"]
     3 00000000                                 [OPTIMIZE 1]
     4 00000000                                 [OPTION 1]
     5 00000000                                 [BITS 32]
     6 00000000                                 	EXTERN	_init_gdtidt
     7 00000000                                 	EXTERN	_init_pic
     8 00000000                                 	EXTERN	_io_sti
     9 00000000                                 	EXTERN	_fifo32_init
    10 00000000                                 	EXTERN	_init_pit
    11 00000000                                 	EXTERN	_init_keyboard
    12 00000000                                 	EXTERN	_enable_mouse
    13 00000000                                 	EXTERN	_io_out8
    14 00000000                                 	EXTERN	_timer_alloc
    15 00000000                                 	EXTERN	_timer_init
    16 00000000                                 	EXTERN	_timer_settime
    17 00000000                                 	EXTERN	_memtest
    18 00000000                                 	EXTERN	_memman_init
    19 00000000                                 	EXTERN	_memman_free
    20 00000000                                 	EXTERN	_init_palette
    21 00000000                                 	EXTERN	_shtctl_init
    22 00000000                                 	EXTERN	_sheet_alloc
    23 00000000                                 	EXTERN	_memman_alloc_4k
    24 00000000                                 	EXTERN	_sheet_setbuf
    25 00000000                                 	EXTERN	_init_screen8
    26 00000000                                 	EXTERN	_init_mouse_cursor8
    27 00000000                                 	EXTERN	_sheet_slide
    28 00000000                                 	EXTERN	_sheet_updown
    29 00000000                                 	EXTERN	_sprintf
    30 00000000                                 	EXTERN	_memman_total
    31 00000000                                 	EXTERN	_io_cli
    32 00000000                                 	EXTERN	_fifo32_status
    33 00000000                                 	EXTERN	_fifo32_get
    34 00000000                                 	EXTERN	_boxfill8
    35 00000000                                 	EXTERN	_sheet_refresh
    36 00000000                                 	EXTERN	_mouse_decode
    37 00000000                                 	EXTERN	_keytable.0
    38 00000000                                 	EXTERN	_putfonts8_asc
    39 00000000                                 [FILE "bootpack.c"]
    40                                          [SECTION .data]
    41 00000000                                 _keytable.0:
    42 00000000 00                              	DB	0
    43 00000001 00                              	DB	0
    44 00000002 31                              	DB	49
    45 00000003 32                              	DB	50
    46 00000004 33                              	DB	51
    47 00000005 34                              	DB	52
    48 00000006 35                              	DB	53
    49 00000007 36                              	DB	54
    50 00000008 37                              	DB	55
    51 00000009 38                              	DB	56
    52 0000000A 39                              	DB	57
    53 0000000B 30                              	DB	48
    54 0000000C 2D                              	DB	45
    55 0000000D 5E                              	DB	94
    56 0000000E 00                              	DB	0
    57 0000000F 00                              	DB	0
    58 00000010 51                              	DB	81
    59 00000011 57                              	DB	87
    60 00000012 45                              	DB	69
    61 00000013 52                              	DB	82
    62 00000014 54                              	DB	84
    63 00000015 59                              	DB	89
    64 00000016 55                              	DB	85
    65 00000017 49                              	DB	73
    66 00000018 4F                              	DB	79
    67 00000019 50                              	DB	80
    68 0000001A 40                              	DB	64
    69 0000001B 5B                              	DB	91
    70 0000001C 00                              	DB	0
    71 0000001D 00                              	DB	0
    72 0000001E 41                              	DB	65
    73 0000001F 53                              	DB	83
    74 00000020 44                              	DB	68
    75 00000021 46                              	DB	70
    76 00000022 47                              	DB	71
    77 00000023 48                              	DB	72
    78 00000024 4A                              	DB	74
    79 00000025 4B                              	DB	75
    80 00000026 4C                              	DB	76
    81 00000027 3B                              	DB	59
    82 00000028 3A                              	DB	58
    83 00000029 00                              	DB	0
    84 0000002A 00                              	DB	0
    85 0000002B 5D                              	DB	93
    86 0000002C 5A                              	DB	90
    87 0000002D 58                              	DB	88
    88 0000002E 43                              	DB	67
    89 0000002F 56                              	DB	86
    90 00000030 42                              	DB	66
    91 00000031 4E                              	DB	78
    92 00000032 4D                              	DB	77
    93 00000033 2C                              	DB	44
    94 00000034 2E                              	DB	46
    95 00000035 2F                              	DB	47
    96 00000036 00                              	DB	0
    97 00000037 2A                              	DB	42
    98 00000038 00                              	DB	0
    99 00000039 20                              	DB	32
   100 0000003A 00                              	DB	0
   101 0000003B 00                              	DB	0
   102 0000003C 00                              	DB	0
   103 0000003D 00                              	DB	0
   104 0000003E 00                              	DB	0
   105 0000003F 00                              	DB	0
   106 00000040 00                              	DB	0
   107 00000041 00                              	DB	0
   108 00000042 00                              	DB	0
   109 00000043 00                              	DB	0
   110 00000044 00                              	DB	0
   111 00000045 00                              	DB	0
   112 00000046 00                              	DB	0
   113 00000047 37                              	DB	55
   114 00000048 38                              	DB	56
   115 00000049 39                              	DB	57
   116 0000004A 2D                              	DB	45
   117 0000004B 34                              	DB	52
   118 0000004C 35                              	DB	53
   119 0000004D 36                              	DB	54
   120 0000004E 2B                              	DB	43
   121 0000004F 31                              	DB	49
   122 00000050 32                              	DB	50
   123 00000051 33                              	DB	51
   124 00000052 30                              	DB	48
   125 00000053 2E                              	DB	46
   126 00000054                                 LC0:
   127 00000054 28 5E 5F 5E 29 62 00            	DB	"(^_^)b",0x00
   128 0000005B                                 LC1:
   129 0000005B 28 25 33 64 2C 25 33 64 29 00   	DB	"(%3d,%3d)",0x00
   130 00000065                                 LC2:
   131 00000065 6D 65 6D 6F 72 79 20 25 64 4D   	DB	"memory %dMB free : %dKB",0x00
       0000006F 42 20 66 72 65 65 20 3A 20 25 
       00000079 64 4B 42 00 
   132 0000007D                                 LC8:
   133 0000007D 33 5B 73 65 63 5D 00            	DB	"3[sec]",0x00
   134 00000084                                 LC7:
   135 00000084 31 30 5B 73 65 63 5D 00         	DB	"10[sec]",0x00
   136 0000008C                                 LC5:
   137 0000008C 5B 6C 63 72 20 25 34 64 20 25   	DB	"[lcr %4d %4d]",0x00
       00000096 34 64 5D 00 
   138 0000009A                                 LC6:
   139 0000009A 28 25 33 64 2C 20 25 33 64 29   	DB	"(%3d, %3d)",0x00
       000000A4 00 
   140 000000A5                                 LC3:
   141 000000A5 25 30 32 58 00                  	DB	"%02X",0x00
   142 000000AA                                 LC4:
   143 000000AA 20 00                           	DB	" ",0x00
   144                                          [SECTION .text]
   145 00000000                                 	GLOBAL	_HariMain
   146 00000000                                 _HariMain:
   147 00000000 55                              	PUSH	EBP
   148 00000001 89 E5                           	MOV	EBP,ESP
   149 00000003 57                              	PUSH	EDI
   150 00000004 56                              	PUSH	ESI
   151 00000005 53                              	PUSH	EBX
   152 00000006 8D 5D D4                        	LEA	EBX,DWORD [-44+EBP]
   153 00000009 81 EC 00000388                  	SUB	ESP,904
   154 0000000F E8 [00000000]                   	CALL	_init_gdtidt
   155 00000014 E8 [00000000]                   	CALL	_init_pic
   156 00000019 E8 [00000000]                   	CALL	_io_sti
   157 0000001E 8D 85 FFFFFDA4                  	LEA	EAX,DWORD [-604+EBP]
   158 00000024 50                              	PUSH	EAX
   159 00000025 68 00000080                     	PUSH	128
   160 0000002A 53                              	PUSH	EBX
   161 0000002B E8 [00000000]                   	CALL	_fifo32_init
   162 00000030 E8 [00000000]                   	CALL	_init_pit
   163 00000035 68 00000100                     	PUSH	256
   164 0000003A 53                              	PUSH	EBX
   165 0000003B E8 [00000000]                   	CALL	_init_keyboard
   166 00000040 8D 85 FFFFFD94                  	LEA	EAX,DWORD [-620+EBP]
   167 00000046 50                              	PUSH	EAX
   168 00000047 68 00000200                     	PUSH	512
   169 0000004C 53                              	PUSH	EBX
   170 0000004D E8 [00000000]                   	CALL	_enable_mouse
   171 00000052 83 C4 20                        	ADD	ESP,32
   172 00000055 68 000000F8                     	PUSH	248
   173 0000005A 6A 21                           	PUSH	33
   174 0000005C E8 [00000000]                   	CALL	_io_out8
   175 00000061 68 000000EF                     	PUSH	239
   176 00000066 68 000000A1                     	PUSH	161
   177 0000006B E8 [00000000]                   	CALL	_io_out8
   178 00000070 6A 01                           	PUSH	1
   179 00000072 53                              	PUSH	EBX
   180 00000073 E8 000007F9                     	CALL	_set490
   181 00000078 E8 [00000000]                   	CALL	_timer_alloc
   182 0000007D 6A 0A                           	PUSH	10
   183 0000007F 53                              	PUSH	EBX
   184 00000080 89 C6                           	MOV	ESI,EAX
   185 00000082 50                              	PUSH	EAX
   186 00000083 E8 [00000000]                   	CALL	_timer_init
   187 00000088 83 C4 24                        	ADD	ESP,36
   188 0000008B 68 000003E8                     	PUSH	1000
   189 00000090 56                              	PUSH	ESI
   190 00000091 E8 [00000000]                   	CALL	_timer_settime
   191 00000096 E8 [00000000]                   	CALL	_timer_alloc
   192 0000009B 6A 03                           	PUSH	3
   193 0000009D 53                              	PUSH	EBX
   194 0000009E 89 C6                           	MOV	ESI,EAX
   195 000000A0 50                              	PUSH	EAX
   196 000000A1 E8 [00000000]                   	CALL	_timer_init
   197 000000A6 68 0000012C                     	PUSH	300
   198 000000AB 56                              	PUSH	ESI
   199 000000AC E8 [00000000]                   	CALL	_timer_settime
   200 000000B1 E8 [00000000]                   	CALL	_timer_alloc
   201 000000B6 6A 01                           	PUSH	1
   202 000000B8 53                              	PUSH	EBX
   203 000000B9 50                              	PUSH	EAX
   204 000000BA 89 85 FFFFFC90                  	MOV	DWORD [-880+EBP],EAX
   205 000000C0 E8 [00000000]                   	CALL	_timer_init
   206 000000C5 83 C4 28                        	ADD	ESP,40
   207 000000C8 6A 32                           	PUSH	50
   208 000000CA FF B5 FFFFFC90                  	PUSH	DWORD [-880+EBP]
   209 000000D0 E8 [00000000]                   	CALL	_timer_settime
   210 000000D5 68 BFFFFFFF                     	PUSH	-1073741825
   211 000000DA 68 00400000                     	PUSH	4194304
   212 000000DF E8 [00000000]                   	CALL	_memtest
   213 000000E4 68 003C0000                     	PUSH	3932160
   214 000000E9 89 85 FFFFFC84                  	MOV	DWORD [-892+EBP],EAX
   215 000000EF E8 [00000000]                   	CALL	_memman_init
   216 000000F4 68 0009E000                     	PUSH	647168
   217 000000F9 68 00001000                     	PUSH	4096
   218 000000FE 68 003C0000                     	PUSH	3932160
   219 00000103 E8 [00000000]                   	CALL	_memman_free
   220 00000108 8B 85 FFFFFC84                  	MOV	EAX,DWORD [-892+EBP]
   221 0000010E 83 C4 20                        	ADD	ESP,32
   222 00000111 2D 00400000                     	SUB	EAX,4194304
   223 00000116 50                              	PUSH	EAX
   224 00000117 68 00400000                     	PUSH	4194304
   225 0000011C 68 003C0000                     	PUSH	3932160
   226 00000121 E8 [00000000]                   	CALL	_memman_free
   227 00000126 E8 [00000000]                   	CALL	_init_palette
   228 0000012B 0F BF 05 00000FF6               	MOVSX	EAX,WORD [4086]
   229 00000132 50                              	PUSH	EAX
   230 00000133 0F BF 05 00000FF4               	MOVSX	EAX,WORD [4084]
   231 0000013A 50                              	PUSH	EAX
   232 0000013B FF 35 00000FF8                  	PUSH	DWORD [4088]
   233 00000141 68 003C0000                     	PUSH	3932160
   234 00000146 E8 [00000000]                   	CALL	_shtctl_init
   235 0000014B 89 C3                           	MOV	EBX,EAX
   236 0000014D 50                              	PUSH	EAX
   237 0000014E E8 [00000000]                   	CALL	_sheet_alloc
   238 00000153 83 C4 20                        	ADD	ESP,32
   239 00000156 53                              	PUSH	EBX
   240 00000157 89 85 FFFFFC80                  	MOV	DWORD [-896+EBP],EAX
   241 0000015D E8 [00000000]                   	CALL	_sheet_alloc
   242 00000162 53                              	PUSH	EBX
   243 00000163 8D 9D FFFFFC94                  	LEA	EBX,DWORD [-876+EBP]
   244 00000169 89 85 FFFFFC7C                  	MOV	DWORD [-900+EBP],EAX
   245 0000016F E8 [00000000]                   	CALL	_sheet_alloc
   246 00000174 0F BF 15 00000FF6               	MOVSX	EDX,WORD [4086]
   247 0000017B 89 85 FFFFFC78                  	MOV	DWORD [-904+EBP],EAX
   248 00000181 0F BF 05 00000FF4               	MOVSX	EAX,WORD [4084]
   249 00000188 0F AF C2                        	IMUL	EAX,EDX
   250 0000018B 50                              	PUSH	EAX
   251 0000018C 68 003C0000                     	PUSH	3932160
   252 00000191 E8 [00000000]                   	CALL	_memman_alloc_4k
   253 00000196 68 00002A80                     	PUSH	10880
   254 0000019B 68 003C0000                     	PUSH	3932160
   255 000001A0 89 85 FFFFFC74                  	MOV	DWORD [-908+EBP],EAX
   256 000001A6 E8 [00000000]                   	CALL	_memman_alloc_4k
   257 000001AB 6A FF                           	PUSH	-1
   258 000001AD 89 C6                           	MOV	ESI,EAX
   259 000001AF 0F BF 05 00000FF6               	MOVSX	EAX,WORD [4086]
   260 000001B6 50                              	PUSH	EAX
   261 000001B7 0F BF 05 00000FF4               	MOVSX	EAX,WORD [4084]
   262 000001BE 50                              	PUSH	EAX
   263 000001BF FF B5 FFFFFC74                  	PUSH	DWORD [-908+EBP]
   264 000001C5 FF B5 FFFFFC80                  	PUSH	DWORD [-896+EBP]
   265 000001CB E8 [00000000]                   	CALL	_sheet_setbuf
   266 000001D0 83 C4 2C                        	ADD	ESP,44
   267 000001D3 6A 63                           	PUSH	99
   268 000001D5 6A 10                           	PUSH	16
   269 000001D7 6A 10                           	PUSH	16
   270 000001D9 53                              	PUSH	EBX
   271 000001DA FF B5 FFFFFC7C                  	PUSH	DWORD [-900+EBP]
   272 000001E0 E8 [00000000]                   	CALL	_sheet_setbuf
   273 000001E5 6A FF                           	PUSH	-1
   274 000001E7 6A 44                           	PUSH	68
   275 000001E9 68 000000A0                     	PUSH	160
   276 000001EE 56                              	PUSH	ESI
   277 000001EF FF B5 FFFFFC78                  	PUSH	DWORD [-904+EBP]
   278 000001F5 E8 [00000000]                   	CALL	_sheet_setbuf
   279 000001FA 83 C4 28                        	ADD	ESP,40
   280 000001FD 0F BF 05 00000FF6               	MOVSX	EAX,WORD [4086]
   281 00000204 50                              	PUSH	EAX
   282 00000205 0F BF 05 00000FF4               	MOVSX	EAX,WORD [4084]
   283 0000020C 50                              	PUSH	EAX
   284 0000020D FF B5 FFFFFC74                  	PUSH	DWORD [-908+EBP]
   285 00000213 E8 [00000000]                   	CALL	_init_screen8
   286 00000218 6A 63                           	PUSH	99
   287 0000021A 53                              	PUSH	EBX
   288 0000021B BB 00000002                     	MOV	EBX,2
   289 00000220 E8 [00000000]                   	CALL	_init_mouse_cursor8
   290 00000225 68 [00000054]                   	PUSH	LC0
   291 0000022A 6A 44                           	PUSH	68
   292 0000022C 68 000000A0                     	PUSH	160
   293 00000231 56                              	PUSH	ESI
   294 00000232 E8 00000447                     	CALL	_make_window8
   295 00000237 83 C4 24                        	ADD	ESP,36
   296 0000023A 6A 07                           	PUSH	7
   297 0000023C 6A 10                           	PUSH	16
   298 0000023E 68 00000090                     	PUSH	144
   299 00000243 6A 1C                           	PUSH	28
   300 00000245 6A 08                           	PUSH	8
   301 00000247 FF B5 FFFFFC78                  	PUSH	DWORD [-904+EBP]
   302 0000024D E8 00000667                     	CALL	_make_textbox8
   303 00000252 6A 00                           	PUSH	0
   304 00000254 6A 00                           	PUSH	0
   305 00000256 FF B5 FFFFFC80                  	PUSH	DWORD [-896+EBP]
   306 0000025C C7 85 FFFFFC88 00000008         	MOV	DWORD [-888+EBP],8
   307 00000266 E8 [00000000]                   	CALL	_sheet_slide
   308 0000026B 83 C4 24                        	ADD	ESP,36
   309 0000026E 0F BF 05 00000FF4               	MOVSX	EAX,WORD [4084]
   310 00000275 8D 48 F0                        	LEA	ECX,DWORD [-16+EAX]
   311 00000278 89 C8                           	MOV	EAX,ECX
   312 0000027A 99                              	CDQ
   313 0000027B F7 FB                           	IDIV	EBX
   314 0000027D 89 85 FFFFFC8C                  	MOV	DWORD [-884+EBP],EAX
   315 00000283 0F BF 05 00000FF6               	MOVSX	EAX,WORD [4086]
   316 0000028A 8D 48 D4                        	LEA	ECX,DWORD [-44+EAX]
   317 0000028D 89 C8                           	MOV	EAX,ECX
   318 0000028F 99                              	CDQ
   319 00000290 F7 FB                           	IDIV	EBX
   320 00000292 50                              	PUSH	EAX
   321 00000293 89 C7                           	MOV	EDI,EAX
   322 00000295 FF B5 FFFFFC8C                  	PUSH	DWORD [-884+EBP]
   323 0000029B FF B5 FFFFFC7C                  	PUSH	DWORD [-900+EBP]
   324 000002A1 8D 5D A4                        	LEA	EBX,DWORD [-92+EBP]
   325 000002A4 E8 [00000000]                   	CALL	_sheet_slide
   326 000002A9 6A 48                           	PUSH	72
   327 000002AB 6A 50                           	PUSH	80
   328 000002AD FF B5 FFFFFC78                  	PUSH	DWORD [-904+EBP]
   329 000002B3 E8 [00000000]                   	CALL	_sheet_slide
   330 000002B8 6A 00                           	PUSH	0
   331 000002BA FF B5 FFFFFC80                  	PUSH	DWORD [-896+EBP]
   332 000002C0 E8 [00000000]                   	CALL	_sheet_updown
   333 000002C5 83 C4 20                        	ADD	ESP,32
   334 000002C8 6A 01                           	PUSH	1
   335 000002CA FF B5 FFFFFC78                  	PUSH	DWORD [-904+EBP]
   336 000002D0 E8 [00000000]                   	CALL	_sheet_updown
   337 000002D5 6A 02                           	PUSH	2
   338 000002D7 FF B5 FFFFFC7C                  	PUSH	DWORD [-900+EBP]
   339 000002DD E8 [00000000]                   	CALL	_sheet_updown
   340 000002E2 57                              	PUSH	EDI
   341 000002E3 FF B5 FFFFFC8C                  	PUSH	DWORD [-884+EBP]
   342 000002E9 68 [0000005B]                   	PUSH	LC1
   343 000002EE 53                              	PUSH	EBX
   344 000002EF E8 [00000000]                   	CALL	_sprintf
   345 000002F4 83 C4 20                        	ADD	ESP,32
   346 000002F7 6A 0A                           	PUSH	10
   347 000002F9 53                              	PUSH	EBX
   348 000002FA 6A 0E                           	PUSH	14
   349 000002FC 6A 07                           	PUSH	7
   350 000002FE 6A 00                           	PUSH	0
   351 00000300 6A 00                           	PUSH	0
   352 00000302 FF B5 FFFFFC80                  	PUSH	DWORD [-896+EBP]
   353 00000308 E8 000004DD                     	CALL	_putfonts8_asc_sht
   354 0000030D 68 003C0000                     	PUSH	3932160
   355 00000312 E8 [00000000]                   	CALL	_memman_total
   356 00000317 C1 AD FFFFFC84 14               	SHR	DWORD [-892+EBP],20
   357 0000031E C1 E8 0A                        	SHR	EAX,10
   358 00000321 89 04 24                        	MOV	DWORD [ESP],EAX
   359 00000324 FF B5 FFFFFC84                  	PUSH	DWORD [-892+EBP]
   360 0000032A 68 [00000065]                   	PUSH	LC2
   361 0000032F 53                              	PUSH	EBX
   362 00000330 E8 [00000000]                   	CALL	_sprintf
   363 00000335 83 C4 2C                        	ADD	ESP,44
   364 00000338 6A 28                           	PUSH	40
   365 0000033A 53                              	PUSH	EBX
   366 0000033B 6A 0E                           	PUSH	14
   367 0000033D 6A 07                           	PUSH	7
   368 0000033F 6A 20                           	PUSH	32
   369 00000341                                 L31:
   370 00000341 6A 00                           	PUSH	0
   371 00000343 FF B5 FFFFFC80                  	PUSH	DWORD [-896+EBP]
   372 00000349 E8 0000049C                     	CALL	_putfonts8_asc_sht
   373 0000034E                                 L30:
   374 0000034E 83 C4 1C                        	ADD	ESP,28
   375 00000351                                 L2:
   376 00000351 8D 75 D4                        	LEA	ESI,DWORD [-44+EBP]
   377 00000354 E8 [00000000]                   	CALL	_io_cli
   378 00000359 56                              	PUSH	ESI
   379 0000035A E8 [00000000]                   	CALL	_fifo32_status
   380 0000035F 59                              	POP	ECX
   381 00000360 85 C0                           	TEST	EAX,EAX
   382 00000362 0F 84 0000030C                  	JE	L33
   383 00000368 56                              	PUSH	ESI
   384 00000369 E8 [00000000]                   	CALL	_fifo32_get
   385 0000036E 89 C3                           	MOV	EBX,EAX
   386 00000370 E8 [00000000]                   	CALL	_io_sti
   387 00000375 5A                              	POP	EDX
   388 00000376 8D 83 FFFFFF00                  	LEA	EAX,DWORD [-256+EBX]
   389 0000037C 3D 000000FF                     	CMP	EAX,255
   390 00000381 0F 86 000001F9                  	JBE	L34
   391 00000387 8D 83 FFFFFE00                  	LEA	EAX,DWORD [-512+EBX]
   392 0000038D 3D 000000FF                     	CMP	EAX,255
   393 00000392 0F 86 000000A8                  	JBE	L35
   394 00000398 83 FB 0A                        	CMP	EBX,10
   395 0000039B 0F 84 0000008D                  	JE	L36
   396 000003A1 83 FB 03                        	CMP	EBX,3
   397 000003A4 74 76                           	JE	L37
   398 000003A6 83 FB 01                        	CMP	EBX,1
   399 000003A9 74 57                           	JE	L38
   400 000003AB 85 DB                           	TEST	EBX,EBX
   401 000003AD 75 A2                           	JNE	L2
   402 000003AF 6A 01                           	PUSH	1
   403 000003B1 56                              	PUSH	ESI
   404 000003B2 FF B5 FFFFFC90                  	PUSH	DWORD [-880+EBP]
   405 000003B8 E8 [00000000]                   	CALL	_timer_init
   406 000003BD 6A 6F                           	PUSH	111
   407 000003BF 6A 0F                           	PUSH	15
   408 000003C1 6A 60                           	PUSH	96
   409 000003C3 6A 08                           	PUSH	8
   410 000003C5 6A 0E                           	PUSH	14
   411 000003C7                                 L32:
   412 000003C7 0F BF 05 00000FF4               	MOVSX	EAX,WORD [4084]
   413 000003CE 50                              	PUSH	EAX
   414 000003CF FF B5 FFFFFC74                  	PUSH	DWORD [-908+EBP]
   415 000003D5 E8 [00000000]                   	CALL	_boxfill8
   416 000003DA 83 C4 28                        	ADD	ESP,40
   417 000003DD 6A 32                           	PUSH	50
   418 000003DF FF B5 FFFFFC90                  	PUSH	DWORD [-880+EBP]
   419 000003E5 E8 [00000000]                   	CALL	_timer_settime
   420 000003EA 6A 70                           	PUSH	112
   421 000003EC 6A 10                           	PUSH	16
   422 000003EE 6A 60                           	PUSH	96
   423 000003F0 6A 08                           	PUSH	8
   424 000003F2 FF B5 FFFFFC80                  	PUSH	DWORD [-896+EBP]
   425 000003F8 E8 [00000000]                   	CALL	_sheet_refresh
   426 000003FD E9 FFFFFF4C                     	JMP	L30
   427 00000402                                 L38:
   428 00000402 6A 00                           	PUSH	0
   429 00000404 56                              	PUSH	ESI
   430 00000405 FF B5 FFFFFC90                  	PUSH	DWORD [-880+EBP]
   431 0000040B E8 [00000000]                   	CALL	_timer_init
   432 00000410 6A 6F                           	PUSH	111
   433 00000412 6A 0F                           	PUSH	15
   434 00000414 6A 60                           	PUSH	96
   435 00000416 6A 08                           	PUSH	8
   436 00000418 6A 07                           	PUSH	7
   437 0000041A EB AB                           	JMP	L32
   438 0000041C                                 L37:
   439 0000041C 6A 06                           	PUSH	6
   440 0000041E 68 [0000007D]                   	PUSH	LC8
   441 00000423 6A 0E                           	PUSH	14
   442 00000425 6A 07                           	PUSH	7
   443 00000427 6A 50                           	PUSH	80
   444 00000429 E9 FFFFFF13                     	JMP	L31
   445 0000042E                                 L36:
   446 0000042E 6A 07                           	PUSH	7
   447 00000430 68 [00000084]                   	PUSH	LC7
   448 00000435 6A 0E                           	PUSH	14
   449 00000437 6A 07                           	PUSH	7
   450 00000439 6A 40                           	PUSH	64
   451 0000043B E9 FFFFFF01                     	JMP	L31
   452 00000440                                 L35:
   453 00000440 0F B6 C3                        	MOVZX	EAX,BL
   454 00000443 50                              	PUSH	EAX
   455 00000444 8D 85 FFFFFD94                  	LEA	EAX,DWORD [-620+EBP]
   456 0000044A 50                              	PUSH	EAX
   457 0000044B E8 [00000000]                   	CALL	_mouse_decode
   458 00000450 5A                              	POP	EDX
   459 00000451 59                              	POP	ECX
   460 00000452 85 C0                           	TEST	EAX,EAX
   461 00000454 0F 84 FFFFFEF7                  	JE	L2
   462 0000045A FF B5 FFFFFD9C                  	PUSH	DWORD [-612+EBP]
   463 00000460 FF B5 FFFFFD98                  	PUSH	DWORD [-616+EBP]
   464 00000466 68 [0000008C]                   	PUSH	LC5
   465 0000046B 8D 5D A4                        	LEA	EBX,DWORD [-92+EBP]
   466 0000046E 53                              	PUSH	EBX
   467 0000046F E8 [00000000]                   	CALL	_sprintf
   468 00000474 83 C4 10                        	ADD	ESP,16
   469 00000477 8B 85 FFFFFDA0                  	MOV	EAX,DWORD [-608+EBP]
   470 0000047D A9 00000001                     	TEST	EAX,1
   471 00000482 74 04                           	JE	L14
   472 00000484 C6 45 A5 4C                     	MOV	BYTE [-91+EBP],76
   473 00000488                                 L14:
   474 00000488 A9 00000002                     	TEST	EAX,2
   475 0000048D 74 04                           	JE	L15
   476 0000048F C6 45 A7 52                     	MOV	BYTE [-89+EBP],82
   477 00000493                                 L15:
   478 00000493 83 E0 04                        	AND	EAX,4
   479 00000496 74 04                           	JE	L16
   480 00000498 C6 45 A6 43                     	MOV	BYTE [-90+EBP],67
   481 0000049C                                 L16:
   482 0000049C 6A 0F                           	PUSH	15
   483 0000049E 53                              	PUSH	EBX
   484 0000049F 6A 0E                           	PUSH	14
   485 000004A1 6A 07                           	PUSH	7
   486 000004A3 6A 10                           	PUSH	16
   487 000004A5 6A 20                           	PUSH	32
   488 000004A7 FF B5 FFFFFC80                  	PUSH	DWORD [-896+EBP]
   489 000004AD E8 00000338                     	CALL	_putfonts8_asc_sht
   490 000004B2 8B 85 FFFFFD98                  	MOV	EAX,DWORD [-616+EBP]
   491 000004B8 03 BD FFFFFD9C                  	ADD	EDI,DWORD [-612+EBP]
   492 000004BE 83 C4 1C                        	ADD	ESP,28
   493 000004C1 01 85 FFFFFC8C                  	ADD	DWORD [-884+EBP],EAX
   494 000004C7 0F 88 000000A4                  	JS	L39
   495 000004CD                                 L17:
   496 000004CD 85 FF                           	TEST	EDI,EDI
   497 000004CF 0F 88 00000095                  	JS	L40
   498 000004D5                                 L18:
   499 000004D5 0F BF 05 00000FF4               	MOVSX	EAX,WORD [4084]
   500 000004DC 48                              	DEC	EAX
   501 000004DD 39 85 FFFFFC8C                  	CMP	DWORD [-884+EBP],EAX
   502 000004E3 7E 06                           	JLE	L19
   503 000004E5 89 85 FFFFFC8C                  	MOV	DWORD [-884+EBP],EAX
   504 000004EB                                 L19:
   505 000004EB 0F BF 05 00000FF6               	MOVSX	EAX,WORD [4086]
   506 000004F2 48                              	DEC	EAX
   507 000004F3 39 C7                           	CMP	EDI,EAX
   508 000004F5 7E 02                           	JLE	L20
   509 000004F7 89 C7                           	MOV	EDI,EAX
   510 000004F9                                 L20:
   511 000004F9 57                              	PUSH	EDI
   512 000004FA FF B5 FFFFFC8C                  	PUSH	DWORD [-884+EBP]
   513 00000500 68 [0000009A]                   	PUSH	LC6
   514 00000505 53                              	PUSH	EBX
   515 00000506 E8 [00000000]                   	CALL	_sprintf
   516 0000050B 6A 0A                           	PUSH	10
   517 0000050D 53                              	PUSH	EBX
   518 0000050E 6A 0E                           	PUSH	14
   519 00000510 6A 07                           	PUSH	7
   520 00000512 6A 00                           	PUSH	0
   521 00000514 6A 00                           	PUSH	0
   522 00000516 FF B5 FFFFFC80                  	PUSH	DWORD [-896+EBP]
   523 0000051C E8 000002C9                     	CALL	_putfonts8_asc_sht
   524 00000521 83 C4 2C                        	ADD	ESP,44
   525 00000524 57                              	PUSH	EDI
   526 00000525 FF B5 FFFFFC8C                  	PUSH	DWORD [-884+EBP]
   527 0000052B FF B5 FFFFFC7C                  	PUSH	DWORD [-900+EBP]
   528 00000531 E8 [00000000]                   	CALL	_sheet_slide
   529 00000536 83 C4 0C                        	ADD	ESP,12
   530 00000539 F7 85 FFFFFDA0 00000001         	TEST	DWORD [-608+EBP],1
   531 00000543 0F 84 FFFFFE08                  	JE	L2
   532 00000549 8D 47 F8                        	LEA	EAX,DWORD [-8+EDI]
   533 0000054C 50                              	PUSH	EAX
   534 0000054D 8B 85 FFFFFC8C                  	MOV	EAX,DWORD [-884+EBP]
   535 00000553 83 E8 50                        	SUB	EAX,80
   536 00000556 50                              	PUSH	EAX
   537 00000557 FF B5 FFFFFC78                  	PUSH	DWORD [-904+EBP]
   538 0000055D E8 [00000000]                   	CALL	_sheet_slide
   539 00000562 83 C4 0C                        	ADD	ESP,12
   540 00000565 E9 FFFFFDE7                     	JMP	L2
   541 0000056A                                 L40:
   542 0000056A 31 FF                           	XOR	EDI,EDI
   543 0000056C E9 FFFFFF64                     	JMP	L18
   544 00000571                                 L39:
   545 00000571 C7 85 FFFFFC8C 00000000         	MOV	DWORD [-884+EBP],0
   546 0000057B E9 FFFFFF4D                     	JMP	L17
   547 00000580                                 L34:
   548 00000580 50                              	PUSH	EAX
   549 00000581 8D 75 A4                        	LEA	ESI,DWORD [-92+EBP]
   550 00000584 68 [000000A5]                   	PUSH	LC3
   551 00000589 56                              	PUSH	ESI
   552 0000058A E8 [00000000]                   	CALL	_sprintf
   553 0000058F 6A 02                           	PUSH	2
   554 00000591 56                              	PUSH	ESI
   555 00000592 6A 0E                           	PUSH	14
   556 00000594 6A 07                           	PUSH	7
   557 00000596 6A 10                           	PUSH	16
   558 00000598 6A 00                           	PUSH	0
   559 0000059A FF B5 FFFFFC80                  	PUSH	DWORD [-896+EBP]
   560 000005A0 E8 00000245                     	CALL	_putfonts8_asc_sht
   561 000005A5 83 C4 28                        	ADD	ESP,40
   562 000005A8 81 FB 00000153                  	CMP	EBX,339
   563 000005AE 7F 41                           	JG	L8
   564 000005B0 8A 83 [FFFFFF00]                	MOV	AL,BYTE [_keytable.0-256+EBX]
   565 000005B6 84 C0                           	TEST	AL,AL
   566 000005B8 74 37                           	JE	L8
   567 000005BA 81 BD FFFFFC88 0000008F         	CMP	DWORD [-888+EBP],143
   568 000005C4 7F 2B                           	JG	L8
   569 000005C6 6A 01                           	PUSH	1
   570 000005C8 88 45 A4                        	MOV	BYTE [-92+EBP],AL
   571 000005CB 56                              	PUSH	ESI
   572 000005CC 6A 07                           	PUSH	7
   573 000005CE 6A 00                           	PUSH	0
   574 000005D0 6A 1C                           	PUSH	28
   575 000005D2 FF B5 FFFFFC88                  	PUSH	DWORD [-888+EBP]
   576 000005D8 FF B5 FFFFFC78                  	PUSH	DWORD [-904+EBP]
   577 000005DE C6 45 A5 00                     	MOV	BYTE [-91+EBP],0
   578 000005E2 E8 00000203                     	CALL	_putfonts8_asc_sht
   579 000005E7 83 C4 1C                        	ADD	ESP,28
   580 000005EA 83 85 FFFFFC88 08               	ADD	DWORD [-888+EBP],8
   581 000005F1                                 L8:
   582 000005F1 81 FB 0000010E                  	CMP	EBX,270
   583 000005F7 74 48                           	JE	L41
   584 000005F9                                 L10:
   585 000005F9 8B 85 FFFFFC88                  	MOV	EAX,DWORD [-888+EBP]
   586 000005FF 6A 2B                           	PUSH	43
   587 00000601 83 C0 07                        	ADD	EAX,7
   588 00000604 8B 9D FFFFFC78                  	MOV	EBX,DWORD [-904+EBP]
   589 0000060A 50                              	PUSH	EAX
   590 0000060B 6A 1C                           	PUSH	28
   591 0000060D FF B5 FFFFFC88                  	PUSH	DWORD [-888+EBP]
   592 00000613 6A 07                           	PUSH	7
   593 00000615 FF 73 04                        	PUSH	DWORD [4+EBX]
   594 00000618 FF 33                           	PUSH	DWORD [EBX]
   595 0000061A E8 [00000000]                   	CALL	_boxfill8
   596 0000061F 8B 85 FFFFFC88                  	MOV	EAX,DWORD [-888+EBP]
   597 00000625 6A 2C                           	PUSH	44
   598 00000627 83 C0 08                        	ADD	EAX,8
   599 0000062A 50                              	PUSH	EAX
   600 0000062B 6A 1C                           	PUSH	28
   601 0000062D FF B5 FFFFFC88                  	PUSH	DWORD [-888+EBP]
   602 00000633 53                              	PUSH	EBX
   603 00000634 E8 [00000000]                   	CALL	_sheet_refresh
   604 00000639 83 C4 30                        	ADD	ESP,48
   605 0000063C E9 FFFFFD10                     	JMP	L2
   606 00000641                                 L41:
   607 00000641 83 BD FFFFFC88 08               	CMP	DWORD [-888+EBP],8
   608 00000648 7E AF                           	JLE	L10
   609 0000064A 6A 01                           	PUSH	1
   610 0000064C 68 [000000AA]                   	PUSH	LC4
   611 00000651 6A 07                           	PUSH	7
   612 00000653 6A 00                           	PUSH	0
   613 00000655 6A 1C                           	PUSH	28
   614 00000657 FF B5 FFFFFC88                  	PUSH	DWORD [-888+EBP]
   615 0000065D FF B5 FFFFFC78                  	PUSH	DWORD [-904+EBP]
   616 00000663 E8 00000182                     	CALL	_putfonts8_asc_sht
   617 00000668 83 C4 1C                        	ADD	ESP,28
   618 0000066B 83 AD FFFFFC88 08               	SUB	DWORD [-888+EBP],8
   619 00000672 EB 85                           	JMP	L10
   620 00000674                                 L33:
   621 00000674 E8 [00000000]                   	CALL	_io_sti
   622 00000679 E9 FFFFFCD3                     	JMP	L2
   623                                          [SECTION .data]
   624 000000AC                                 _closebtn.1:
   625 000000AC 4F 4F 4F 4F 4F 4F 4F 4F 4F 4F   	DB	"OOOOOOOOOOOOOOO@"
       000000B6 4F 4F 4F 4F 4F 40 
   626 000000BC 4F 51 51 51 51 51 51 51 51 51   	DB	"OQQQQQQQQQQQQQ$@"
       000000C6 51 51 51 51 24 40 
   627 000000CC 4F 51 51 51 51 51 51 51 51 51   	DB	"OQQQQQQQQQQQQQ$@"
       000000D6 51 51 51 51 24 40 
   628 000000DC 4F 51 51 51 40 40 51 51 51 51   	DB	"OQQQ@@QQQQ@@QQ$@"
       000000E6 40 40 51 51 24 40 
   629 000000EC 4F 51 51 51 51 40 40 51 51 40   	DB	"OQQQQ@@QQ@@QQQ$@"
       000000F6 40 51 51 51 24 40 
   630 000000FC 4F 51 51 51 51 51 40 40 40 40   	DB	"OQQQQQ@@@@QQQQ$@"
       00000106 51 51 51 51 24 40 
   631 0000010C 4F 51 51 51 51 51 51 40 40 51   	DB	"OQQQQQQ@@QQQQQ$@"
       00000116 51 51 51 51 24 40 
   632 0000011C 4F 51 51 51 51 51 40 40 40 40   	DB	"OQQQQQ@@@@QQQQ$@"
       00000126 51 51 51 51 24 40 
   633 0000012C 4F 51 51 51 51 40 40 51 51 40   	DB	"OQQQQ@@QQ@@QQQ$@"
       00000136 40 51 51 51 24 40 
   634 0000013C 4F 51 51 51 40 40 51 51 51 51   	DB	"OQQQ@@QQQQ@@QQ$@"
       00000146 40 40 51 51 24 40 
   635 0000014C 4F 51 51 51 51 51 51 51 51 51   	DB	"OQQQQQQQQQQQQQ$@"
       00000156 51 51 51 51 24 40 
   636 0000015C 4F 51 51 51 51 51 51 51 51 51   	DB	"OQQQQQQQQQQQQQ$@"
       00000166 51 51 51 51 24 40 
   637 0000016C 4F 24 24 24 24 24 24 24 24 24   	DB	"O$$$$$$$$$$$$$$@"
       00000176 24 24 24 24 24 40 
   638 0000017C 40 40 40 40 40 40 40 40 40 40   	DB	"@@@@@@@@@@@@@@@@"
       00000186 40 40 40 40 40 40 
   639                                          [SECTION .text]
   640 0000067E                                 	GLOBAL	_make_window8
   641 0000067E                                 _make_window8:
   642 0000067E 55                              	PUSH	EBP
   643 0000067F 89 E5                           	MOV	EBP,ESP
   644 00000681 57                              	PUSH	EDI
   645 00000682 56                              	PUSH	ESI
   646 00000683 53                              	PUSH	EBX
   647 00000684 83 EC 14                        	SUB	ESP,20
   648 00000687 8B 5D 0C                        	MOV	EBX,DWORD [12+EBP]
   649 0000068A 6A 00                           	PUSH	0
   650 0000068C 8D 43 FF                        	LEA	EAX,DWORD [-1+EBX]
   651 0000068F 8D 7B FE                        	LEA	EDI,DWORD [-2+EBX]
   652 00000692 50                              	PUSH	EAX
   653 00000693 89 45 EC                        	MOV	DWORD [-20+EBP],EAX
   654 00000696 6A 00                           	PUSH	0
   655 00000698 6A 00                           	PUSH	0
   656 0000069A 6A 08                           	PUSH	8
   657 0000069C 53                              	PUSH	EBX
   658 0000069D FF 75 08                        	PUSH	DWORD [8+EBP]
   659 000006A0 E8 [00000000]                   	CALL	_boxfill8
   660 000006A5 6A 01                           	PUSH	1
   661 000006A7 57                              	PUSH	EDI
   662 000006A8 6A 01                           	PUSH	1
   663 000006AA 6A 01                           	PUSH	1
   664 000006AC 6A 07                           	PUSH	7
   665 000006AE 53                              	PUSH	EBX
   666 000006AF FF 75 08                        	PUSH	DWORD [8+EBP]
   667 000006B2 E8 [00000000]                   	CALL	_boxfill8
   668 000006B7 8B 55 10                        	MOV	EDX,DWORD [16+EBP]
   669 000006BA 83 C4 38                        	ADD	ESP,56
   670 000006BD 4A                              	DEC	EDX
   671 000006BE 89 55 E8                        	MOV	DWORD [-24+EBP],EDX
   672 000006C1 52                              	PUSH	EDX
   673 000006C2 6A 00                           	PUSH	0
   674 000006C4 6A 00                           	PUSH	0
   675 000006C6 6A 00                           	PUSH	0
   676 000006C8 6A 08                           	PUSH	8
   677 000006CA 53                              	PUSH	EBX
   678 000006CB FF 75 08                        	PUSH	DWORD [8+EBP]
   679 000006CE E8 [00000000]                   	CALL	_boxfill8
   680 000006D3 8B 75 10                        	MOV	ESI,DWORD [16+EBP]
   681 000006D6 83 EE 02                        	SUB	ESI,2
   682 000006D9 56                              	PUSH	ESI
   683 000006DA 6A 01                           	PUSH	1
   684 000006DC 6A 01                           	PUSH	1
   685 000006DE 6A 01                           	PUSH	1
   686 000006E0 6A 07                           	PUSH	7
   687 000006E2 53                              	PUSH	EBX
   688 000006E3 FF 75 08                        	PUSH	DWORD [8+EBP]
   689 000006E6 E8 [00000000]                   	CALL	_boxfill8
   690 000006EB 83 C4 38                        	ADD	ESP,56
   691 000006EE 56                              	PUSH	ESI
   692 000006EF 57                              	PUSH	EDI
   693 000006F0 6A 01                           	PUSH	1
   694 000006F2 57                              	PUSH	EDI
   695 000006F3 6A 0F                           	PUSH	15
   696 000006F5 53                              	PUSH	EBX
   697 000006F6 FF 75 08                        	PUSH	DWORD [8+EBP]
   698 000006F9 E8 [00000000]                   	CALL	_boxfill8
   699 000006FE FF 75 E8                        	PUSH	DWORD [-24+EBP]
   700 00000701 FF 75 EC                        	PUSH	DWORD [-20+EBP]
   701 00000704 6A 00                           	PUSH	0
   702 00000706 FF 75 EC                        	PUSH	DWORD [-20+EBP]
   703 00000709 6A 00                           	PUSH	0
   704 0000070B 53                              	PUSH	EBX
   705 0000070C FF 75 08                        	PUSH	DWORD [8+EBP]
   706 0000070F E8 [00000000]                   	CALL	_boxfill8
   707 00000714 8B 45 10                        	MOV	EAX,DWORD [16+EBP]
   708 00000717 83 C4 38                        	ADD	ESP,56
   709 0000071A 83 E8 03                        	SUB	EAX,3
   710 0000071D 50                              	PUSH	EAX
   711 0000071E 8D 43 FD                        	LEA	EAX,DWORD [-3+EBX]
   712 00000721 50                              	PUSH	EAX
   713 00000722 6A 02                           	PUSH	2
   714 00000724 6A 02                           	PUSH	2
   715 00000726 6A 08                           	PUSH	8
   716 00000728 53                              	PUSH	EBX
   717 00000729 FF 75 08                        	PUSH	DWORD [8+EBP]
   718 0000072C E8 [00000000]                   	CALL	_boxfill8
   719 00000731 8D 43 FC                        	LEA	EAX,DWORD [-4+EBX]
   720 00000734 6A 14                           	PUSH	20
   721 00000736 50                              	PUSH	EAX
   722 00000737 6A 03                           	PUSH	3
   723 00000739 6A 03                           	PUSH	3
   724 0000073B 6A 0C                           	PUSH	12
   725 0000073D 53                              	PUSH	EBX
   726 0000073E FF 75 08                        	PUSH	DWORD [8+EBP]
   727 00000741 E8 [00000000]                   	CALL	_boxfill8
   728 00000746 83 C4 38                        	ADD	ESP,56
   729 00000749 56                              	PUSH	ESI
   730 0000074A 57                              	PUSH	EDI
   731 0000074B 56                              	PUSH	ESI
   732 0000074C 6A 01                           	PUSH	1
   733 0000074E 6A 0F                           	PUSH	15
   734 00000750 53                              	PUSH	EBX
   735 00000751 FF 75 08                        	PUSH	DWORD [8+EBP]
   736 00000754 E8 [00000000]                   	CALL	_boxfill8
   737 00000759 FF 75 E8                        	PUSH	DWORD [-24+EBP]
   738 0000075C FF 75 EC                        	PUSH	DWORD [-20+EBP]
   739 0000075F FF 75 E8                        	PUSH	DWORD [-24+EBP]
   740 00000762 6A 00                           	PUSH	0
   741 00000764 6A 00                           	PUSH	0
   742 00000766 6B F3 05                        	IMUL	ESI,EBX,5
   743 00000769 53                              	PUSH	EBX
   744 0000076A FF 75 08                        	PUSH	DWORD [8+EBP]
   745 0000076D E8 [00000000]                   	CALL	_boxfill8
   746 00000772 83 C4 38                        	ADD	ESP,56
   747 00000775 FF 75 14                        	PUSH	DWORD [20+EBP]
   748 00000778 6A 07                           	PUSH	7
   749 0000077A 6A 04                           	PUSH	4
   750 0000077C 6A 18                           	PUSH	24
   751 0000077E 53                              	PUSH	EBX
   752 0000077F FF 75 08                        	PUSH	DWORD [8+EBP]
   753 00000782 E8 [00000000]                   	CALL	_putfonts8_asc
   754 00000787 83 C4 18                        	ADD	ESP,24
   755 0000078A C7 45 F0 00000000               	MOV	DWORD [-16+EBP],0
   756 00000791 C7 45 E0 00000000               	MOV	DWORD [-32+EBP],0
   757 00000798                                 L58:
   758 00000798 8D 04 1E                        	LEA	EAX,DWORD [ESI+EBX*1]
   759 0000079B 8B 55 08                        	MOV	EDX,DWORD [8+EBP]
   760 0000079E 31 FF                           	XOR	EDI,EDI
   761 000007A0 8D 4C 02 EB                     	LEA	ECX,DWORD [-21+EDX+EAX*1]
   762 000007A4                                 L57:
   763 000007A4 8B 45 E0                        	MOV	EAX,DWORD [-32+EBP]
   764 000007A7 8A 94 07 [000000AC]             	MOV	DL,BYTE [_closebtn.1+EDI+EAX*1]
   765 000007AE 80 FA 40                        	CMP	DL,64
   766 000007B1 74 33                           	JE	L63
   767 000007B3 80 FA 24                        	CMP	DL,36
   768 000007B6 74 2A                           	JE	L64
   769 000007B8 80 FA 51                        	CMP	DL,81
   770 000007BB B2 08                           	MOV	DL,8
   771 000007BD 0F 95 C0                        	SETNE	AL
   772 000007C0 28 C2                           	SUB	DL,AL
   773 000007C2                                 L52:
   774 000007C2 47                              	INC	EDI
   775 000007C3 88 11                           	MOV	BYTE [ECX],DL
   776 000007C5 41                              	INC	ECX
   777 000007C6 83 FF 0F                        	CMP	EDI,15
   778 000007C9 7E D9                           	JLE	L57
   779 000007CB FF 45 F0                        	INC	DWORD [-16+EBP]
   780 000007CE 01 DE                           	ADD	ESI,EBX
   781 000007D0 83 45 E0 10                     	ADD	DWORD [-32+EBP],16
   782 000007D4 83 7D F0 0D                     	CMP	DWORD [-16+EBP],13
   783 000007D8 7E BE                           	JLE	L58
   784 000007DA 8D 65 F4                        	LEA	ESP,DWORD [-12+EBP]
   785 000007DD 5B                              	POP	EBX
   786 000007DE 5E                              	POP	ESI
   787 000007DF 5F                              	POP	EDI
   788 000007E0 5D                              	POP	EBP
   789 000007E1 C3                              	RET
   790 000007E2                                 L64:
   791 000007E2 B2 0F                           	MOV	DL,15
   792 000007E4 EB DC                           	JMP	L52
   793 000007E6                                 L63:
   794 000007E6 31 D2                           	XOR	EDX,EDX
   795 000007E8 EB D8                           	JMP	L52
   796 000007EA                                 	GLOBAL	_putfonts8_asc_sht
   797 000007EA                                 _putfonts8_asc_sht:
   798 000007EA 55                              	PUSH	EBP
   799 000007EB 89 E5                           	MOV	EBP,ESP
   800 000007ED 57                              	PUSH	EDI
   801 000007EE 56                              	PUSH	ESI
   802 000007EF 53                              	PUSH	EBX
   803 000007F0 83 EC 0C                        	SUB	ESP,12
   804 000007F3 8B 45 08                        	MOV	EAX,DWORD [8+EBP]
   805 000007F6 8B 7D 10                        	MOV	EDI,DWORD [16+EBP]
   806 000007F9 89 45 F0                        	MOV	DWORD [-16+EBP],EAX
   807 000007FC 8B 5D 14                        	MOV	EBX,DWORD [20+EBP]
   808 000007FF 8B 45 0C                        	MOV	EAX,DWORD [12+EBP]
   809 00000802 89 45 EC                        	MOV	DWORD [-20+EBP],EAX
   810 00000805 8B 45 1C                        	MOV	EAX,DWORD [28+EBP]
   811 00000808 89 45 E8                        	MOV	DWORD [-24+EBP],EAX
   812 0000080B 8D 47 0F                        	LEA	EAX,DWORD [15+EDI]
   813 0000080E 50                              	PUSH	EAX
   814 0000080F 8B 45 EC                        	MOV	EAX,DWORD [-20+EBP]
   815 00000812 8B 75 20                        	MOV	ESI,DWORD [32+EBP]
   816 00000815 0F BE DB                        	MOVSX	EBX,BL
   817 00000818 8D 34 F0                        	LEA	ESI,DWORD [EAX+ESI*8]
   818 0000081B 8D 46 FF                        	LEA	EAX,DWORD [-1+ESI]
   819 0000081E 50                              	PUSH	EAX
   820 0000081F 57                              	PUSH	EDI
   821 00000820 FF 75 EC                        	PUSH	DWORD [-20+EBP]
   822 00000823 0F B6 45 18                     	MOVZX	EAX,BYTE [24+EBP]
   823 00000827 50                              	PUSH	EAX
   824 00000828 8B 45 F0                        	MOV	EAX,DWORD [-16+EBP]
   825 0000082B FF 70 04                        	PUSH	DWORD [4+EAX]
   826 0000082E FF 30                           	PUSH	DWORD [EAX]
   827 00000830 E8 [00000000]                   	CALL	_boxfill8
   828 00000835 FF 75 E8                        	PUSH	DWORD [-24+EBP]
   829 00000838 53                              	PUSH	EBX
   830 00000839 57                              	PUSH	EDI
   831 0000083A FF 75 EC                        	PUSH	DWORD [-20+EBP]
   832 0000083D 8B 45 F0                        	MOV	EAX,DWORD [-16+EBP]
   833 00000840 FF 70 04                        	PUSH	DWORD [4+EAX]
   834 00000843 FF 30                           	PUSH	DWORD [EAX]
   835 00000845 E8 [00000000]                   	CALL	_putfonts8_asc
   836 0000084A 89 7D 10                        	MOV	DWORD [16+EBP],EDI
   837 0000084D 8D 47 10                        	LEA	EAX,DWORD [16+EDI]
   838 00000850 89 75 14                        	MOV	DWORD [20+EBP],ESI
   839 00000853 89 45 18                        	MOV	DWORD [24+EBP],EAX
   840 00000856 83 C4 34                        	ADD	ESP,52
   841 00000859 8B 45 EC                        	MOV	EAX,DWORD [-20+EBP]
   842 0000085C 89 45 0C                        	MOV	DWORD [12+EBP],EAX
   843 0000085F 8B 45 F0                        	MOV	EAX,DWORD [-16+EBP]
   844 00000862 89 45 08                        	MOV	DWORD [8+EBP],EAX
   845 00000865 8D 65 F4                        	LEA	ESP,DWORD [-12+EBP]
   846 00000868 5B                              	POP	EBX
   847 00000869 5E                              	POP	ESI
   848 0000086A 5F                              	POP	EDI
   849 0000086B 5D                              	POP	EBP
   850 0000086C E9 [00000000]                   	JMP	_sheet_refresh
   851 00000871                                 	GLOBAL	_set490
   852 00000871                                 _set490:
   853 00000871 55                              	PUSH	EBP
   854 00000872 89 E5                           	MOV	EBP,ESP
   855 00000874 57                              	PUSH	EDI
   856 00000875 56                              	PUSH	ESI
   857 00000876 53                              	PUSH	EBX
   858 00000877 83 7D 0C 00                     	CMP	DWORD [12+EBP],0
   859 0000087B 74 34                           	JE	L66
   860 0000087D 31 F6                           	XOR	ESI,ESI
   861 0000087F BF 19BFCC00                     	MOV	EDI,432000000
   862 00000884                                 L72:
   863 00000884 E8 [00000000]                   	CALL	_timer_alloc
   864 00000889 89 C3                           	MOV	EBX,EAX
   865 0000088B 8D 86 00000400                  	LEA	EAX,DWORD [1024+ESI]
   866 00000891 50                              	PUSH	EAX
   867 00000892 46                              	INC	ESI
   868 00000893 FF 75 08                        	PUSH	DWORD [8+EBP]
   869 00000896 53                              	PUSH	EBX
   870 00000897 E8 [00000000]                   	CALL	_timer_init
   871 0000089C 57                              	PUSH	EDI
   872 0000089D 53                              	PUSH	EBX
   873 0000089E 83 C7 64                        	ADD	EDI,100
   874 000008A1 E8 [00000000]                   	CALL	_timer_settime
   875 000008A6 83 C4 14                        	ADD	ESP,20
   876 000008A9 81 FE 000001E9                  	CMP	ESI,489
   877 000008AF 7E D3                           	JLE	L72
   878 000008B1                                 L66:
   879 000008B1 8D 65 F4                        	LEA	ESP,DWORD [-12+EBP]
   880 000008B4 5B                              	POP	EBX
   881 000008B5 5E                              	POP	ESI
   882 000008B6 5F                              	POP	EDI
   883 000008B7 5D                              	POP	EBP
   884 000008B8 C3                              	RET
   885 000008B9                                 	GLOBAL	_make_textbox8
   886 000008B9                                 _make_textbox8:
   887 000008B9 55                              	PUSH	EBP
   888 000008BA 89 E5                           	MOV	EBP,ESP
   889 000008BC 57                              	PUSH	EDI
   890 000008BD 56                              	PUSH	ESI
   891 000008BE 53                              	PUSH	EBX
   892 000008BF 83 EC 14                        	SUB	ESP,20
   893 000008C2 8B 45 0C                        	MOV	EAX,DWORD [12+EBP]
   894 000008C5 8B 75 10                        	MOV	ESI,DWORD [16+EBP]
   895 000008C8 03 45 14                        	ADD	EAX,DWORD [20+EBP]
   896 000008CB 83 EE 03                        	SUB	ESI,3
   897 000008CE 56                              	PUSH	ESI
   898 000008CF 89 45 F0                        	MOV	DWORD [-16+EBP],EAX
   899 000008D2 8B 45 10                        	MOV	EAX,DWORD [16+EBP]
   900 000008D5 03 45 18                        	ADD	EAX,DWORD [24+EBP]
   901 000008D8 89 45 EC                        	MOV	DWORD [-20+EBP],EAX
   902 000008DB 8B 45 F0                        	MOV	EAX,DWORD [-16+EBP]
   903 000008DE 40                              	INC	EAX
   904 000008DF 50                              	PUSH	EAX
   905 000008E0 89 45 E8                        	MOV	DWORD [-24+EBP],EAX
   906 000008E3 8B 45 0C                        	MOV	EAX,DWORD [12+EBP]
   907 000008E6 56                              	PUSH	ESI
   908 000008E7 83 E8 02                        	SUB	EAX,2
   909 000008EA 50                              	PUSH	EAX
   910 000008EB 89 45 E4                        	MOV	DWORD [-28+EBP],EAX
   911 000008EE 8B 45 08                        	MOV	EAX,DWORD [8+EBP]
   912 000008F1 6A 0F                           	PUSH	15
   913 000008F3 FF 70 04                        	PUSH	DWORD [4+EAX]
   914 000008F6 FF 30                           	PUSH	DWORD [EAX]
   915 000008F8 E8 [00000000]                   	CALL	_boxfill8
   916 000008FD 8B 7D 0C                        	MOV	EDI,DWORD [12+EBP]
   917 00000900 8B 45 EC                        	MOV	EAX,DWORD [-20+EBP]
   918 00000903 83 EF 03                        	SUB	EDI,3
   919 00000906 40                              	INC	EAX
   920 00000907 50                              	PUSH	EAX
   921 00000908 89 45 E0                        	MOV	DWORD [-32+EBP],EAX
   922 0000090B 57                              	PUSH	EDI
   923 0000090C 8B 45 08                        	MOV	EAX,DWORD [8+EBP]
   924 0000090F 56                              	PUSH	ESI
   925 00000910 57                              	PUSH	EDI
   926 00000911 6A 0F                           	PUSH	15
   927 00000913 FF 70 04                        	PUSH	DWORD [4+EAX]
   928 00000916 FF 30                           	PUSH	DWORD [EAX]
   929 00000918 E8 [00000000]                   	CALL	_boxfill8
   930 0000091D 8B 45 08                        	MOV	EAX,DWORD [8+EBP]
   931 00000920 83 C4 38                        	ADD	ESP,56
   932 00000923 8B 5D EC                        	MOV	EBX,DWORD [-20+EBP]
   933 00000926 83 C3 02                        	ADD	EBX,2
   934 00000929 53                              	PUSH	EBX
   935 0000092A FF 75 E8                        	PUSH	DWORD [-24+EBP]
   936 0000092D 53                              	PUSH	EBX
   937 0000092E 57                              	PUSH	EDI
   938 0000092F 6A 07                           	PUSH	7
   939 00000931 FF 70 04                        	PUSH	DWORD [4+EAX]
   940 00000934 FF 30                           	PUSH	DWORD [EAX]
   941 00000936 E8 [00000000]                   	CALL	_boxfill8
   942 0000093B 8B 45 F0                        	MOV	EAX,DWORD [-16+EBP]
   943 0000093E 53                              	PUSH	EBX
   944 0000093F 83 C0 02                        	ADD	EAX,2
   945 00000942 50                              	PUSH	EAX
   946 00000943 56                              	PUSH	ESI
   947 00000944 50                              	PUSH	EAX
   948 00000945 8B 45 08                        	MOV	EAX,DWORD [8+EBP]
   949 00000948 6A 07                           	PUSH	7
   950 0000094A FF 70 04                        	PUSH	DWORD [4+EAX]
   951 0000094D FF 30                           	PUSH	DWORD [EAX]
   952 0000094F E8 [00000000]                   	CALL	_boxfill8
   953 00000954 8B 45 08                        	MOV	EAX,DWORD [8+EBP]
   954 00000957 83 C4 38                        	ADD	ESP,56
   955 0000095A 8B 5D 10                        	MOV	EBX,DWORD [16+EBP]
   956 0000095D 83 EB 02                        	SUB	EBX,2
   957 00000960 8B 7D 0C                        	MOV	EDI,DWORD [12+EBP]
   958 00000963 53                              	PUSH	EBX
   959 00000964 4F                              	DEC	EDI
   960 00000965 FF 75 F0                        	PUSH	DWORD [-16+EBP]
   961 00000968 53                              	PUSH	EBX
   962 00000969 57                              	PUSH	EDI
   963 0000096A 6A 00                           	PUSH	0
   964 0000096C FF 70 04                        	PUSH	DWORD [4+EAX]
   965 0000096F FF 30                           	PUSH	DWORD [EAX]
   966 00000971 E8 [00000000]                   	CALL	_boxfill8
   967 00000976 8B 45 08                        	MOV	EAX,DWORD [8+EBP]
   968 00000979 FF 75 EC                        	PUSH	DWORD [-20+EBP]
   969 0000097C FF 75 E4                        	PUSH	DWORD [-28+EBP]
   970 0000097F 53                              	PUSH	EBX
   971 00000980 FF 75 E4                        	PUSH	DWORD [-28+EBP]
   972 00000983 6A 00                           	PUSH	0
   973 00000985 FF 70 04                        	PUSH	DWORD [4+EAX]
   974 00000988 FF 30                           	PUSH	DWORD [EAX]
   975 0000098A E8 [00000000]                   	CALL	_boxfill8
   976 0000098F 8B 45 08                        	MOV	EAX,DWORD [8+EBP]
   977 00000992 83 C4 38                        	ADD	ESP,56
   978 00000995 FF 75 E0                        	PUSH	DWORD [-32+EBP]
   979 00000998 FF 75 F0                        	PUSH	DWORD [-16+EBP]
   980 0000099B FF 75 E0                        	PUSH	DWORD [-32+EBP]
   981 0000099E FF 75 E4                        	PUSH	DWORD [-28+EBP]
   982 000009A1 6A 08                           	PUSH	8
   983 000009A3 FF 70 04                        	PUSH	DWORD [4+EAX]
   984 000009A6 FF 30                           	PUSH	DWORD [EAX]
   985 000009A8 E8 [00000000]                   	CALL	_boxfill8
   986 000009AD 8B 45 08                        	MOV	EAX,DWORD [8+EBP]
   987 000009B0 FF 75 E0                        	PUSH	DWORD [-32+EBP]
   988 000009B3 FF 75 E8                        	PUSH	DWORD [-24+EBP]
   989 000009B6 53                              	PUSH	EBX
   990 000009B7 FF 75 E8                        	PUSH	DWORD [-24+EBP]
   991 000009BA 6A 08                           	PUSH	8
   992 000009BC FF 70 04                        	PUSH	DWORD [4+EAX]
   993 000009BF FF 30                           	PUSH	DWORD [EAX]
   994 000009C1 E8 [00000000]                   	CALL	_boxfill8
   995 000009C6 8B 45 10                        	MOV	EAX,DWORD [16+EBP]
   996 000009C9 83 C4 38                        	ADD	ESP,56
   997 000009CC 48                              	DEC	EAX
   998 000009CD FF 75 EC                        	PUSH	DWORD [-20+EBP]
   999 000009D0 FF 75 F0                        	PUSH	DWORD [-16+EBP]
  1000 000009D3 50                              	PUSH	EAX
  1001 000009D4 57                              	PUSH	EDI
  1002 000009D5 0F B6 45 1C                     	MOVZX	EAX,BYTE [28+EBP]
  1003 000009D9 50                              	PUSH	EAX
  1004 000009DA 8B 45 08                        	MOV	EAX,DWORD [8+EBP]
  1005 000009DD FF 70 04                        	PUSH	DWORD [4+EAX]
  1006 000009E0 FF 30                           	PUSH	DWORD [EAX]
  1007 000009E2 E8 [00000000]                   	CALL	_boxfill8
  1008 000009E7 8D 65 F4                        	LEA	ESP,DWORD [-12+EBP]
  1009 000009EA 5B                              	POP	EBX
  1010 000009EB 5E                              	POP	ESI
  1011 000009EC 5F                              	POP	EDI
  1012 000009ED 5D                              	POP	EBP
  1013 000009EE C3                              	RET
