     1 00000000                                 ;haribote-ipl
     2 00000000                                 
     3  = 0000000A                              CYLS    EQU 10 ;どこまで読むか
     4 00000000                                 
     5                                                  ORG 0x7c00
     6 00007C00                                 
     7 00007C00                                 ;FAT12 floppy disk
     8 00007C00 EB 4E                                   JMP entry
     9 00007C02 90                                      DB 0x90
    10 00007C03 48 41 52 49 42 4F 54 45                 DB "HARIBOTE" ;boot sector name
    11 00007C0B 0200                                    DW 512
    12 00007C0D 01                                      DB 1
    13 00007C0E 0001                                    DW 1
    14 00007C10 02                                      DB 2
    15 00007C11 00E0                                    DW 224
    16 00007C13 0B40                                    DW 2880
    17 00007C15 F0                                      DB 0xf0
    18 00007C16 0009                                    DW 9
    19 00007C18 0012                                    DW 18
    20 00007C1A 0002                                    DW 2
    21 00007C1C 00000000                                DD 0
    22 00007C20 00000B40                                DD 2880
    23 00007C24 00 00 29                                DB 0,0,0x29
    24 00007C27 FFFFFFFF                                DD 0xffffffff
    25 00007C2B 48 41 52 49 42 4F 54 45 4F 53           DB "HARIBOTEOS " ;disk name
       00007C35 20 
    26 00007C36 46 41 54 31 32 20 20 20                 DB "FAT12   " ;format
    27 00007C3E 00 00 00 00 00 00 00 00 00 00           RESB 18
       00007C48 00 00 00 00 00 00 00 00 
    28 00007C50                                 
    29 00007C50                                 
    30 00007C50                                 entry:
    31 00007C50 B8 0000                                 MOV AX,0 ;init
    32 00007C53 8E D0                                   MOV SS,AX
    33 00007C55 BC 7C00                                 MOV SP,0x7c00
    34 00007C58 8E D8                                   MOV DS,AX
    35 00007C5A                                 
    36 00007C5A                                 ;read disk
    37 00007C5A                                 
    38 00007C5A B8 0820                                 MOV AX,0x0820
    39 00007C5D 8E C0                                   MOV ES,AX
    40 00007C5F B5 00                                   MOV CH,0 ;cylinder0
    41 00007C61 B6 00                                   MOV DH,0 ;head0
    42 00007C63 B1 02                                   MOV CL,2 ;sector2
    43 00007C65                                 
    44 00007C65                                 readloop:
    45 00007C65 BE 0000                             MOV SI,0 ;失敗回数を数えるレジスタ
    46 00007C68                                 
    47 00007C68                                 retry:
    48 00007C68 B4 02                               MOV AH,0x02 ;AH=0x02 : read disk
    49 00007C6A B0 01                               MOV AL,1 ;1sector
    50 00007C6C BB 0000                             MOV BX,0
    51 00007C6F B2 00                               MOV DL,0x00 ;A drive
    52 00007C71 CD 13                               INT 0x13 ;call disk BIOS
    53 00007C73 73 10                               JNC next ;エラーがおきなけれればfin
    54 00007C75 83 C6 01                            ADD SI,1
    55 00007C78 83 FE 05                            CMP SI,5
    56 00007C7B 73 32                               JAE error ;SI>=5ならerror
    57 00007C7D B4 00                               MOV AH,0x00
    58 00007C7F B2 00                               MOV DL,0x00 ;A drive
    59 00007C81 CD 13                               INT 0x13 ;reset drive
    60 00007C83 EB E3                               JMP retry 
    61 00007C85                                 next:
    62 00007C85 8C C0                               MOV AX,ES ;
    63 00007C87 05 0020                             ADD AX,0x0020 ;
    64 00007C8A 8E C0                               MOV ES,AX ;ADD ES 0x20  0x20=512/16
    65 00007C8C 80 C1 01                            ADD CL,1
    66 00007C8F 80 F9 12                            CMP CL,18
    67 00007C92 76 D1                               JBE readloop ;CL<=18ならreadloop
    68 00007C94 B1 01                               MOV CL,1
    69 00007C96 80 C6 01                            ADD DH,1
    70 00007C99 80 FE 02                            CMP DH,2
    71 00007C9C 72 C7                               JB readloop ;DH<2なら
    72 00007C9E B6 00                               MOV DH,0
    73 00007CA0 80 C5 01                            ADD CH,1
    74 00007CA3 80 FD 0A                            CMP CH,CYLS
    75 00007CA6 72 BD                               JB readloop
    76 00007CA8                                 
    77 00007CA8                                 ; haribote.sysを実行
    78 00007CA8                                     
    79 00007CA8 88 2E 0FF0                          MOV [0x0ff0],CH ;iplがどこまで読んだか
    80 00007CAC E9 4551                             JMP 0xc200
    81 00007CAF                                 
    82 00007CAF                                 error:
    83 00007CAF BE 7CC7                             MOV SI,msg
    84 00007CB2                                     
    85 00007CB2                                 putloop:
    86 00007CB2 8A 04                               MOV AL,[SI]
    87 00007CB4 83 C6 01                            ADD SI,1
    88 00007CB7 3C 00                               CMP AL,0
    89 00007CB9 74 09                               JE fin
    90 00007CBB B4 0E                               MOV AH,0x0e ;print 1character
    91 00007CBD BB 000F                             MOV BX,15 ;color code
    92 00007CC0 CD 10                               INT 0x10 ;call video BIOS
    93 00007CC2 EB EE                               JMP putloop
    94 00007CC4                                 
    95 00007CC4                                 ;よみおわり
    96 00007CC4                                 fin:
    97 00007CC4 F4                                  HLT
    98 00007CC5 EB FD                               JMP fin
    99 00007CC7                                 
   100 00007CC7                                 msg:
   101 00007CC7 0A 0A                               DB 0x0a,0x0a ;LF*2
   102 00007CC9 6C 6F 61 64 20 65 72 72 6F 72       DB "load error"
   103 00007CD3 0A                                  DB 0x0a
   104 00007CD4 00                                  DB 0
   105 00007CD5                                 
   106 00007CD5 00 00 00 00 00 00 00 00 00 00       RESB 0x7dfe-$ ;0x7dfeまで0x00で埋める
       00007CDF 00 00 00 00 00 00 00 00 00 00 
       00007CE9 00 00 00 00 00 00 00 00 00 00 
       00007CF3 00 00 00 00 00 00 00 00 00 00 
       00007CFD 00 00 00 00 00 00 00 00 00 00 
       00007D07 00 00 00 00 00 00 00 00 00 00 
       00007D11 00 00 00 00 00 00 00 00 00 00 
       00007D1B 00 00 00 00 00 00 00 00 00 00 
       00007D25 00 00 00 00 00 00 00 00 00 00 
       00007D2F 00 00 00 00 00 00 00 00 00 00 
       00007D39 00 00 00 00 00 00 00 00 00 00 
       00007D43 00 00 00 00 00 00 00 00 00 00 
       00007D4D 00 00 00 00 00 00 00 00 00 00 
       00007D57 00 00 00 00 00 00 00 00 00 00 
       00007D61 00 00 00 00 00 00 00 00 00 00 
       00007D6B 00 00 00 00 00 00 00 00 00 00 
       00007D75 00 00 00 00 00 00 00 00 00 00 
       00007D7F 00 00 00 00 00 00 00 00 00 00 
       00007D89 00 00 00 00 00 00 00 00 00 00 
       00007D93 00 00 00 00 00 00 00 00 00 00 
       00007D9D 00 00 00 00 00 00 00 00 00 00 
       00007DA7 00 00 00 00 00 00 00 00 00 00 
       00007DB1 00 00 00 00 00 00 00 00 00 00 
       00007DBB 00 00 00 00 00 00 00 00 00 00 
       00007DC5 00 00 00 00 00 00 00 00 00 00 
       00007DCF 00 00 00 00 00 00 00 00 00 00 
       00007DD9 00 00 00 00 00 00 00 00 00 00 
       00007DE3 00 00 00 00 00 00 00 00 00 00 
       00007DED 00 00 00 00 00 00 00 00 00 00 
       00007DF7 00 00 00 00 00 00 00 
   107 00007DFE                                 
   108 00007DFE 55 AA                               DB 0x55,0xaa