     1 00000000                                 [FORMAT "WCOFF"]
     2 00000000                                 [INSTRSET "i486p"]
     3 00000000                                 [OPTIMIZE 1]
     4 00000000                                 [OPTION 1]
     5 00000000                                 [BITS 32]
     6 00000000                                 	EXTERN	_io_out8
     7 00000000                                 	EXTERN	_io_in8
     8 00000000                                 	EXTERN	_fifo32_put
     9 00000000                                 [FILE "keyboard.c"]
    10                                          [SECTION .text]
    11 00000000                                 	GLOBAL	_inthandler21
    12 00000000                                 _inthandler21:
    13 00000000 55                              	PUSH	EBP
    14 00000001 89 E5                           	MOV	EBP,ESP
    15 00000003 6A 61                           	PUSH	97
    16 00000005 6A 20                           	PUSH	32
    17 00000007 E8 [00000000]                   	CALL	_io_out8
    18 0000000C 6A 60                           	PUSH	96
    19 0000000E E8 [00000000]                   	CALL	_io_in8
    20 00000013 02 05 [00000004]                	ADD	AL,BYTE [_keydata0]
    21 00000019 0F B6 C0                        	MOVZX	EAX,AL
    22 0000001C 50                              	PUSH	EAX
    23 0000001D FF 35 [00000000]                	PUSH	DWORD [_keyfifo]
    24 00000023 E8 [00000000]                   	CALL	_fifo32_put
    25 00000028 C9                              	LEAVE
    26 00000029 C3                              	RET
    27 0000002A                                 	GLOBAL	_wait_KBC_sendready
    28 0000002A                                 _wait_KBC_sendready:
    29 0000002A 55                              	PUSH	EBP
    30 0000002B 89 E5                           	MOV	EBP,ESP
    31 0000002D                                 L3:
    32 0000002D 6A 64                           	PUSH	100
    33 0000002F E8 [00000000]                   	CALL	_io_in8
    34 00000034 5A                              	POP	EDX
    35 00000035 83 E0 02                        	AND	EAX,2
    36 00000038 75 F3                           	JNE	L3
    37 0000003A C9                              	LEAVE
    38 0000003B C3                              	RET
    39 0000003C                                 	GLOBAL	_init_keyboard
    40 0000003C                                 _init_keyboard:
    41 0000003C 55                              	PUSH	EBP
    42 0000003D 89 E5                           	MOV	EBP,ESP
    43 0000003F 8B 45 08                        	MOV	EAX,DWORD [8+EBP]
    44 00000042 A3 [00000000]                   	MOV	DWORD [_keyfifo],EAX
    45 00000047 8B 45 0C                        	MOV	EAX,DWORD [12+EBP]
    46 0000004A A3 [00000004]                   	MOV	DWORD [_keydata0],EAX
    47 0000004F E8 FFFFFFD6                     	CALL	_wait_KBC_sendready
    48 00000054 6A 60                           	PUSH	96
    49 00000056 6A 64                           	PUSH	100
    50 00000058 E8 [00000000]                   	CALL	_io_out8
    51 0000005D E8 FFFFFFC8                     	CALL	_wait_KBC_sendready
    52 00000062 59                              	POP	ECX
    53 00000063 58                              	POP	EAX
    54 00000064 C7 45 0C 00000047               	MOV	DWORD [12+EBP],71
    55 0000006B C7 45 08 00000060               	MOV	DWORD [8+EBP],96
    56 00000072 C9                              	LEAVE
    57 00000073 E9 [00000000]                   	JMP	_io_out8
    58 00000078                                 	GLOBAL	_keyfifo
    59                                          [SECTION .data]
    60 00000000                                 	ALIGNB	4
    61 00000000                                 _keyfifo:
    62 00000000 00 00 00 00                     	RESB	4
    63 00000004                                 	GLOBAL	_keydata0
    64                                          [SECTION .data]
    65 00000004                                 	ALIGNB	4
    66 00000004                                 _keydata0:
    67 00000004 00 00 00 00                     	RESB	4
