     1 00000000                                 [FORMAT "WCOFF"]
     2 00000000                                 [INSTRSET "i486p"]
     3 00000000                                 [OPTIMIZE 1]
     4 00000000                                 [OPTION 1]
     5 00000000                                 [BITS 32]
     6 00000000                                 	EXTERN	_memman_alloc_4k
     7 00000000                                 	EXTERN	_memman_free_4k
     8 00000000                                 [FILE "sheet.c"]
     9                                          [SECTION .text]
    10 00000000                                 	GLOBAL	_shtctl_init
    11 00000000                                 _shtctl_init:
    12 00000000 55                              	PUSH	EBP
    13 00000001 89 E5                           	MOV	EBP,ESP
    14 00000003 57                              	PUSH	EDI
    15 00000004 56                              	PUSH	ESI
    16 00000005 53                              	PUSH	EBX
    17 00000006 8B 75 08                        	MOV	ESI,DWORD [8+EBP]
    18 00000009 68 00002814                     	PUSH	10260
    19 0000000E 8B 7D 10                        	MOV	EDI,DWORD [16+EBP]
    20 00000011 56                              	PUSH	ESI
    21 00000012 E8 [00000000]                   	CALL	_memman_alloc_4k
    22 00000017 89 C3                           	MOV	EBX,EAX
    23 00000019 58                              	POP	EAX
    24 0000001A 5A                              	POP	EDX
    25 0000001B 85 DB                           	TEST	EBX,EBX
    26 0000001D 74 4A                           	JE	L3
    27 0000001F 8B 45 14                        	MOV	EAX,DWORD [20+EBP]
    28 00000022 0F AF C7                        	IMUL	EAX,EDI
    29 00000025 50                              	PUSH	EAX
    30 00000026 56                              	PUSH	ESI
    31 00000027 E8 [00000000]                   	CALL	_memman_alloc_4k
    32 0000002C 85 C0                           	TEST	EAX,EAX
    33 0000002E 89 43 04                        	MOV	DWORD [4+EBX],EAX
    34 00000031 5A                              	POP	EDX
    35 00000032 59                              	POP	ECX
    36 00000033 74 3E                           	JE	L11
    37 00000035 8B 45 0C                        	MOV	EAX,DWORD [12+EBP]
    38 00000038 89 7B 08                        	MOV	DWORD [8+EBX],EDI
    39 0000003B 89 03                           	MOV	DWORD [EBX],EAX
    40 0000003D 8D 93 000023DC                  	LEA	EDX,DWORD [9180+EBX]
    41 00000043 8B 45 14                        	MOV	EAX,DWORD [20+EBP]
    42 00000046 89 43 0C                        	MOV	DWORD [12+EBX],EAX
    43 00000049 89 D8                           	MOV	EAX,EBX
    44 0000004B C7 43 10 FFFFFFFF               	MOV	DWORD [16+EBX],-1
    45 00000052                                 L9:
    46 00000052 C7 80 00000430 00000000         	MOV	DWORD [1072+EAX],0
    47 0000005C 89 98 00000434                  	MOV	DWORD [1076+EAX],EBX
    48 00000062 83 C0 24                        	ADD	EAX,36
    49 00000065 39 D0                           	CMP	EAX,EDX
    50 00000067 7E E9                           	JLE	L9
    51 00000069                                 L3:
    52 00000069 8D 65 F4                        	LEA	ESP,DWORD [-12+EBP]
    53 0000006C 89 D8                           	MOV	EAX,EBX
    54 0000006E 5B                              	POP	EBX
    55 0000006F 5E                              	POP	ESI
    56 00000070 5F                              	POP	EDI
    57 00000071 5D                              	POP	EBP
    58 00000072 C3                              	RET
    59 00000073                                 L11:
    60 00000073 68 00002814                     	PUSH	10260
    61 00000078 53                              	PUSH	EBX
    62 00000079 56                              	PUSH	ESI
    63 0000007A E8 [00000000]                   	CALL	_memman_free_4k
    64 0000007F 83 C4 0C                        	ADD	ESP,12
    65 00000082 EB E5                           	JMP	L3
    66 00000084                                 	GLOBAL	_sheet_alloc
    67 00000084                                 _sheet_alloc:
    68 00000084 55                              	PUSH	EBP
    69 00000085 31 D2                           	XOR	EDX,EDX
    70 00000087 89 E5                           	MOV	EBP,ESP
    71 00000089 8B 45 08                        	MOV	EAX,DWORD [8+EBP]
    72 0000008C 05 00000414                     	ADD	EAX,1044
    73 00000091                                 L18:
    74 00000091 83 78 1C 00                     	CMP	DWORD [28+EAX],0
    75 00000095 74 10                           	JE	L21
    76 00000097 42                              	INC	EDX
    77 00000098 83 C0 24                        	ADD	EAX,36
    78 0000009B 81 FA 000000FF                  	CMP	EDX,255
    79 000000A1 7E EE                           	JLE	L18
    80 000000A3 31 C0                           	XOR	EAX,EAX
    81 000000A5                                 L12:
    82 000000A5 5D                              	POP	EBP
    83 000000A6 C3                              	RET
    84 000000A7                                 L21:
    85 000000A7 C7 40 1C 00000001               	MOV	DWORD [28+EAX],1
    86 000000AE C7 40 18 FFFFFFFF               	MOV	DWORD [24+EAX],-1
    87 000000B5 EB EE                           	JMP	L12
    88 000000B7                                 	GLOBAL	_sheet_setbuf
    89 000000B7                                 _sheet_setbuf:
    90 000000B7 55                              	PUSH	EBP
    91 000000B8 89 E5                           	MOV	EBP,ESP
    92 000000BA 8B 55 08                        	MOV	EDX,DWORD [8+EBP]
    93 000000BD 8B 45 0C                        	MOV	EAX,DWORD [12+EBP]
    94 000000C0 89 02                           	MOV	DWORD [EDX],EAX
    95 000000C2 8B 45 10                        	MOV	EAX,DWORD [16+EBP]
    96 000000C5 89 42 04                        	MOV	DWORD [4+EDX],EAX
    97 000000C8 8B 45 14                        	MOV	EAX,DWORD [20+EBP]
    98 000000CB 89 42 08                        	MOV	DWORD [8+EDX],EAX
    99 000000CE 8B 45 18                        	MOV	EAX,DWORD [24+EBP]
   100 000000D1 89 42 14                        	MOV	DWORD [20+EDX],EAX
   101 000000D4 5D                              	POP	EBP
   102 000000D5 C3                              	RET
   103 000000D6                                 	GLOBAL	_sheet_refreshmap
   104 000000D6                                 _sheet_refreshmap:
   105 000000D6 55                              	PUSH	EBP
   106 000000D7 89 E5                           	MOV	EBP,ESP
   107 000000D9 57                              	PUSH	EDI
   108 000000DA 56                              	PUSH	ESI
   109 000000DB 53                              	PUSH	EBX
   110 000000DC 83 EC 28                        	SUB	ESP,40
   111 000000DF 8B 45 08                        	MOV	EAX,DWORD [8+EBP]
   112 000000E2 83 7D 0C 00                     	CMP	DWORD [12+EBP],0
   113 000000E6 8B 40 04                        	MOV	EAX,DWORD [4+EAX]
   114 000000E9 89 45 D8                        	MOV	DWORD [-40+EBP],EAX
   115 000000EC 0F 88 00000135                  	JS	L54
   116 000000F2                                 L24:
   117 000000F2 83 7D 10 00                     	CMP	DWORD [16+EBP],0
   118 000000F6 0F 88 0000011F                  	JS	L55
   119 000000FC                                 L25:
   120 000000FC 8B 55 08                        	MOV	EDX,DWORD [8+EBP]
   121 000000FF 8B 42 08                        	MOV	EAX,DWORD [8+EDX]
   122 00000102 39 45 14                        	CMP	DWORD [20+EBP],EAX
   123 00000105 7E 03                           	JLE	L26
   124 00000107 89 45 14                        	MOV	DWORD [20+EBP],EAX
   125 0000010A                                 L26:
   126 0000010A 8B 75 08                        	MOV	ESI,DWORD [8+EBP]
   127 0000010D 8B 46 0C                        	MOV	EAX,DWORD [12+ESI]
   128 00000110 39 45 18                        	CMP	DWORD [24+EBP],EAX
   129 00000113 7E 03                           	JLE	L27
   130 00000115 89 45 18                        	MOV	DWORD [24+EBP],EAX
   131 00000118                                 L27:
   132 00000118 8B 45 08                        	MOV	EAX,DWORD [8+EBP]
   133 0000011B 8B 7D 1C                        	MOV	EDI,DWORD [28+EBP]
   134 0000011E 89 7D F0                        	MOV	DWORD [-16+EBP],EDI
   135 00000121 3B 78 10                        	CMP	EDI,DWORD [16+EAX]
   136 00000124 0F 8F 000000D6                  	JG	L49
   137 0000012A                                 L47:
   138 0000012A 8B 75 08                        	MOV	ESI,DWORD [8+EBP]
   139 0000012D 8B 55 F0                        	MOV	EDX,DWORD [-16+EBP]
   140 00000130 8B 5D 10                        	MOV	EBX,DWORD [16+EBP]
   141 00000133 8B 4C 96 14                     	MOV	ECX,DWORD [20+ESI+EDX*4]
   142 00000137 89 C8                           	MOV	EAX,ECX
   143 00000139 29 F0                           	SUB	EAX,ESI
   144 0000013B 8B 39                           	MOV	EDI,DWORD [ECX]
   145 0000013D 2D 00000414                     	SUB	EAX,1044
   146 00000142 8B 51 10                        	MOV	EDX,DWORD [16+ECX]
   147 00000145 C1 F8 02                        	SAR	EAX,2
   148 00000148 89 7D E0                        	MOV	DWORD [-32+EBP],EDI
   149 0000014B 69 C0 38E38E39                  	IMUL	EAX,EAX,954437177
   150 00000151 8B 7D 18                        	MOV	EDI,DWORD [24+EBP]
   151 00000154 29 D3                           	SUB	EBX,EDX
   152 00000156 29 D7                           	SUB	EDI,EDX
   153 00000158 88 45 DF                        	MOV	BYTE [-33+EBP],AL
   154 0000015B 8B 75 14                        	MOV	ESI,DWORD [20+EBP]
   155 0000015E 8B 55 0C                        	MOV	EDX,DWORD [12+EBP]
   156 00000161 8B 41 0C                        	MOV	EAX,DWORD [12+ECX]
   157 00000164 89 7D D4                        	MOV	DWORD [-44+EBP],EDI
   158 00000167 29 C6                           	SUB	ESI,EAX
   159 00000169 29 C2                           	SUB	EDX,EAX
   160 0000016B 89 75 CC                        	MOV	DWORD [-52+EBP],ESI
   161 0000016E 89 55 E4                        	MOV	DWORD [-28+EBP],EDX
   162 00000171 0F 88 00000098                  	JS	L56
   163 00000177                                 L32:
   164 00000177 85 DB                           	TEST	EBX,EBX
   165 00000179 0F 88 00000089                  	JS	L57
   166 0000017F                                 L33:
   167 0000017F 8B 41 04                        	MOV	EAX,DWORD [4+ECX]
   168 00000182 39 45 CC                        	CMP	DWORD [-52+EBP],EAX
   169 00000185 7E 03                           	JLE	L34
   170 00000187 89 45 CC                        	MOV	DWORD [-52+EBP],EAX
   171 0000018A                                 L34:
   172 0000018A 8B 41 08                        	MOV	EAX,DWORD [8+ECX]
   173 0000018D 39 45 D4                        	CMP	DWORD [-44+EBP],EAX
   174 00000190 7E 03                           	JLE	L35
   175 00000192 89 45 D4                        	MOV	DWORD [-44+EBP],EAX
   176 00000195                                 L35:
   177 00000195 3B 5D D4                        	CMP	EBX,DWORD [-44+EBP]
   178 00000198 7D 54                           	JGE	L51
   179 0000019A                                 L46:
   180 0000019A 8B 71 10                        	MOV	ESI,DWORD [16+ECX]
   181 0000019D 8B 55 E4                        	MOV	EDX,DWORD [-28+EBP]
   182 000001A0 01 DE                           	ADD	ESI,EBX
   183 000001A2 3B 55 CC                        	CMP	EDX,DWORD [-52+EBP]
   184 000001A5 89 75 E8                        	MOV	DWORD [-24+EBP],ESI
   185 000001A8 7D 3E                           	JGE	L53
   186 000001AA                                 L45:
   187 000001AA 89 D8                           	MOV	EAX,EBX
   188 000001AC 8B 79 0C                        	MOV	EDI,DWORD [12+ECX]
   189 000001AF 0F AF 41 04                     	IMUL	EAX,DWORD [4+ECX]
   190 000001B3 01 D7                           	ADD	EDI,EDX
   191 000001B5 8B 75 E0                        	MOV	ESI,DWORD [-32+EBP]
   192 000001B8 01 D0                           	ADD	EAX,EDX
   193 000001BA 89 7D EC                        	MOV	DWORD [-20+EBP],EDI
   194 000001BD 0F B6 34 30                     	MOVZX	ESI,BYTE [EAX+ESI*1]
   195 000001C1 3B 71 14                        	CMP	ESI,DWORD [20+ECX]
   196 000001C4 74 1C                           	JE	L42
   197 000001C6 8B 7D 08                        	MOV	EDI,DWORD [8+EBP]
   198 000001C9 8B 45 E8                        	MOV	EAX,DWORD [-24+EBP]
   199 000001CC 8B 75 D8                        	MOV	ESI,DWORD [-40+EBP]
   200 000001CF 0F AF 47 08                     	IMUL	EAX,DWORD [8+EDI]
   201 000001D3 03 45 EC                        	ADD	EAX,DWORD [-20+EBP]
   202 000001D6 89 45 D0                        	MOV	DWORD [-48+EBP],EAX
   203 000001D9 8A 45 DF                        	MOV	AL,BYTE [-33+EBP]
   204 000001DC 8B 7D D0                        	MOV	EDI,DWORD [-48+EBP]
   205 000001DF 88 04 37                        	MOV	BYTE [EDI+ESI*1],AL
   206 000001E2                                 L42:
   207 000001E2 42                              	INC	EDX
   208 000001E3 3B 55 CC                        	CMP	EDX,DWORD [-52+EBP]
   209 000001E6 7C C2                           	JL	L45
   210 000001E8                                 L53:
   211 000001E8 43                              	INC	EBX
   212 000001E9 3B 5D D4                        	CMP	EBX,DWORD [-44+EBP]
   213 000001EC 7C AC                           	JL	L46
   214 000001EE                                 L51:
   215 000001EE 8B 55 08                        	MOV	EDX,DWORD [8+EBP]
   216 000001F1 FF 45 F0                        	INC	DWORD [-16+EBP]
   217 000001F4 8B 45 F0                        	MOV	EAX,DWORD [-16+EBP]
   218 000001F7 3B 42 10                        	CMP	EAX,DWORD [16+EDX]
   219 000001FA 0F 8E FFFFFF2A                  	JLE	L47
   220 00000200                                 L49:
   221 00000200 83 C4 28                        	ADD	ESP,40
   222 00000203 5B                              	POP	EBX
   223 00000204 5E                              	POP	ESI
   224 00000205 5F                              	POP	EDI
   225 00000206 5D                              	POP	EBP
   226 00000207 C3                              	RET
   227 00000208                                 L57:
   228 00000208 31 DB                           	XOR	EBX,EBX
   229 0000020A E9 FFFFFF70                     	JMP	L33
   230 0000020F                                 L56:
   231 0000020F C7 45 E4 00000000               	MOV	DWORD [-28+EBP],0
   232 00000216 E9 FFFFFF5C                     	JMP	L32
   233 0000021B                                 L55:
   234 0000021B C7 45 10 00000000               	MOV	DWORD [16+EBP],0
   235 00000222 E9 FFFFFED5                     	JMP	L25
   236 00000227                                 L54:
   237 00000227 C7 45 0C 00000000               	MOV	DWORD [12+EBP],0
   238 0000022E E9 FFFFFEBF                     	JMP	L24
   239 00000233                                 	GLOBAL	_sheet_refreshsub
   240 00000233                                 _sheet_refreshsub:
   241 00000233 55                              	PUSH	EBP
   242 00000234 89 E5                           	MOV	EBP,ESP
   243 00000236 57                              	PUSH	EDI
   244 00000237 56                              	PUSH	ESI
   245 00000238 53                              	PUSH	EBX
   246 00000239 83 EC 2C                        	SUB	ESP,44
   247 0000023C 8B 45 08                        	MOV	EAX,DWORD [8+EBP]
   248 0000023F 8B 55 08                        	MOV	EDX,DWORD [8+EBP]
   249 00000242 83 7D 0C 00                     	CMP	DWORD [12+EBP],0
   250 00000246 8B 00                           	MOV	EAX,DWORD [EAX]
   251 00000248 8B 52 04                        	MOV	EDX,DWORD [4+EDX]
   252 0000024B 89 45 DC                        	MOV	DWORD [-36+EBP],EAX
   253 0000024E 89 55 D8                        	MOV	DWORD [-40+EBP],EDX
   254 00000251 0F 88 00000137                  	JS	L89
   255 00000257                                 L59:
   256 00000257 83 7D 10 00                     	CMP	DWORD [16+EBP],0
   257 0000025B 0F 88 00000121                  	JS	L90
   258 00000261                                 L60:
   259 00000261 8B 75 08                        	MOV	ESI,DWORD [8+EBP]
   260 00000264 8B 46 08                        	MOV	EAX,DWORD [8+ESI]
   261 00000267 39 45 14                        	CMP	DWORD [20+EBP],EAX
   262 0000026A 7E 03                           	JLE	L61
   263 0000026C 89 45 14                        	MOV	DWORD [20+EBP],EAX
   264 0000026F                                 L61:
   265 0000026F 8B 7D 08                        	MOV	EDI,DWORD [8+EBP]
   266 00000272 8B 47 0C                        	MOV	EAX,DWORD [12+EDI]
   267 00000275 39 45 18                        	CMP	DWORD [24+EBP],EAX
   268 00000278 7E 03                           	JLE	L62
   269 0000027A 89 45 18                        	MOV	DWORD [24+EBP],EAX
   270 0000027D                                 L62:
   271 0000027D 8B 55 08                        	MOV	EDX,DWORD [8+EBP]
   272 00000280 8B 45 1C                        	MOV	EAX,DWORD [28+EBP]
   273 00000283 89 45 F0                        	MOV	DWORD [-16+EBP],EAX
   274 00000286 3B 42 10                        	CMP	EAX,DWORD [16+EDX]
   275 00000289 0F 8F 000000BF                  	JG	L84
   276 0000028F                                 L82:
   277 0000028F 8B 7D 08                        	MOV	EDI,DWORD [8+EBP]
   278 00000292 8B 75 F0                        	MOV	ESI,DWORD [-16+EBP]
   279 00000295 8B 4D 10                        	MOV	ECX,DWORD [16+EBP]
   280 00000298 8B 5C B7 14                     	MOV	EBX,DWORD [20+EDI+ESI*4]
   281 0000029C 8B 75 14                        	MOV	ESI,DWORD [20+EBP]
   282 0000029F 8B 03                           	MOV	EAX,DWORD [EBX]
   283 000002A1 8B 53 10                        	MOV	EDX,DWORD [16+EBX]
   284 000002A4 89 45 E0                        	MOV	DWORD [-32+EBP],EAX
   285 000002A7 29 D1                           	SUB	ECX,EDX
   286 000002A9 89 D8                           	MOV	EAX,EBX
   287 000002AB 29 F8                           	SUB	EAX,EDI
   288 000002AD 8B 7D 18                        	MOV	EDI,DWORD [24+EBP]
   289 000002B0 2D 00000414                     	SUB	EAX,1044
   290 000002B5 29 D7                           	SUB	EDI,EDX
   291 000002B7 C1 F8 02                        	SAR	EAX,2
   292 000002BA 8B 55 0C                        	MOV	EDX,DWORD [12+EBP]
   293 000002BD 69 C0 38E38E39                  	IMUL	EAX,EAX,954437177
   294 000002C3 88 45 D7                        	MOV	BYTE [-41+EBP],AL
   295 000002C6 89 7D C8                        	MOV	DWORD [-56+EBP],EDI
   296 000002C9 8B 43 0C                        	MOV	EAX,DWORD [12+EBX]
   297 000002CC 29 C6                           	SUB	ESI,EAX
   298 000002CE 29 C2                           	SUB	EDX,EAX
   299 000002D0 89 75 E4                        	MOV	DWORD [-28+EBP],ESI
   300 000002D3 89 55 E8                        	MOV	DWORD [-24+EBP],EDX
   301 000002D6 0F 88 0000009A                  	JS	L91
   302 000002DC                                 L67:
   303 000002DC 85 C9                           	TEST	ECX,ECX
   304 000002DE 0F 88 0000008B                  	JS	L92
   305 000002E4                                 L68:
   306 000002E4 8B 43 04                        	MOV	EAX,DWORD [4+EBX]
   307 000002E7 39 45 E4                        	CMP	DWORD [-28+EBP],EAX
   308 000002EA 7E 03                           	JLE	L69
   309 000002EC 89 45 E4                        	MOV	DWORD [-28+EBP],EAX
   310 000002EF                                 L69:
   311 000002EF 8B 43 08                        	MOV	EAX,DWORD [8+EBX]
   312 000002F2 39 45 C8                        	CMP	DWORD [-56+EBP],EAX
   313 000002F5 7E 03                           	JLE	L70
   314 000002F7 89 45 C8                        	MOV	DWORD [-56+EBP],EAX
   315 000002FA                                 L70:
   316 000002FA 89 CE                           	MOV	ESI,ECX
   317 000002FC 3B 4D C8                        	CMP	ECX,DWORD [-56+EBP]
   318 000002FF 7D 3B                           	JGE	L86
   319 00000301                                 L81:
   320 00000301 8B 7B 10                        	MOV	EDI,DWORD [16+EBX]
   321 00000304 8B 4D E8                        	MOV	ECX,DWORD [-24+EBP]
   322 00000307 01 F7                           	ADD	EDI,ESI
   323 00000309 3B 4D E4                        	CMP	ECX,DWORD [-28+EBP]
   324 0000030C 89 7D EC                        	MOV	DWORD [-20+EBP],EDI
   325 0000030F 7D 25                           	JGE	L88
   326 00000311                                 L80:
   327 00000311 8B 55 08                        	MOV	EDX,DWORD [8+EBP]
   328 00000314 8B 7D EC                        	MOV	EDI,DWORD [-20+EBP]
   329 00000317 8B 43 0C                        	MOV	EAX,DWORD [12+EBX]
   330 0000031A 0F AF 7A 08                     	IMUL	EDI,DWORD [8+EDX]
   331 0000031E 01 C8                           	ADD	EAX,ECX
   332 00000320 8A 55 D7                        	MOV	DL,BYTE [-41+EBP]
   333 00000323 01 F8                           	ADD	EAX,EDI
   334 00000325 8B 7D D8                        	MOV	EDI,DWORD [-40+EBP]
   335 00000328 89 45 CC                        	MOV	DWORD [-52+EBP],EAX
   336 0000032B 38 14 38                        	CMP	BYTE [EAX+EDI*1],DL
   337 0000032E 74 26                           	JE	L93
   338 00000330                                 L77:
   339 00000330 41                              	INC	ECX
   340 00000331 3B 4D E4                        	CMP	ECX,DWORD [-28+EBP]
   341 00000334 7C DB                           	JL	L80
   342 00000336                                 L88:
   343 00000336 46                              	INC	ESI
   344 00000337 3B 75 C8                        	CMP	ESI,DWORD [-56+EBP]
   345 0000033A 7C C5                           	JL	L81
   346 0000033C                                 L86:
   347 0000033C 8B 7D 08                        	MOV	EDI,DWORD [8+EBP]
   348 0000033F FF 45 F0                        	INC	DWORD [-16+EBP]
   349 00000342 8B 75 F0                        	MOV	ESI,DWORD [-16+EBP]
   350 00000345 3B 77 10                        	CMP	ESI,DWORD [16+EDI]
   351 00000348 0F 8E FFFFFF41                  	JLE	L82
   352 0000034E                                 L84:
   353 0000034E 83 C4 2C                        	ADD	ESP,44
   354 00000351 5B                              	POP	EBX
   355 00000352 5E                              	POP	ESI
   356 00000353 5F                              	POP	EDI
   357 00000354 5D                              	POP	EBP
   358 00000355 C3                              	RET
   359 00000356                                 L93:
   360 00000356 89 F0                           	MOV	EAX,ESI
   361 00000358 8B 55 E0                        	MOV	EDX,DWORD [-32+EBP]
   362 0000035B 0F AF 43 04                     	IMUL	EAX,DWORD [4+EBX]
   363 0000035F 01 C8                           	ADD	EAX,ECX
   364 00000361 8B 7D DC                        	MOV	EDI,DWORD [-36+EBP]
   365 00000364 8A 04 10                        	MOV	AL,BYTE [EAX+EDX*1]
   366 00000367 8B 55 CC                        	MOV	EDX,DWORD [-52+EBP]
   367 0000036A 88 04 3A                        	MOV	BYTE [EDX+EDI*1],AL
   368 0000036D EB C1                           	JMP	L77
   369 0000036F                                 L92:
   370 0000036F 31 C9                           	XOR	ECX,ECX
   371 00000371 E9 FFFFFF6E                     	JMP	L68
   372 00000376                                 L91:
   373 00000376 C7 45 E8 00000000               	MOV	DWORD [-24+EBP],0
   374 0000037D E9 FFFFFF5A                     	JMP	L67
   375 00000382                                 L90:
   376 00000382 C7 45 10 00000000               	MOV	DWORD [16+EBP],0
   377 00000389 E9 FFFFFED3                     	JMP	L60
   378 0000038E                                 L89:
   379 0000038E C7 45 0C 00000000               	MOV	DWORD [12+EBP],0
   380 00000395 E9 FFFFFEBD                     	JMP	L59
   381 0000039A                                 	GLOBAL	_sheet_updown
   382 0000039A                                 _sheet_updown:
   383 0000039A 55                              	PUSH	EBP
   384 0000039B 89 E5                           	MOV	EBP,ESP
   385 0000039D 57                              	PUSH	EDI
   386 0000039E 56                              	PUSH	ESI
   387 0000039F 53                              	PUSH	EBX
   388 000003A0 51                              	PUSH	ECX
   389 000003A1 8B 7D 08                        	MOV	EDI,DWORD [8+EBP]
   390 000003A4 8B 5D 0C                        	MOV	EBX,DWORD [12+EBP]
   391 000003A7 8B 77 20                        	MOV	ESI,DWORD [32+EDI]
   392 000003AA 8B 47 18                        	MOV	EAX,DWORD [24+EDI]
   393 000003AD 89 45 F0                        	MOV	DWORD [-16+EBP],EAX
   394 000003B0 8B 46 10                        	MOV	EAX,DWORD [16+ESI]
   395 000003B3 40                              	INC	EAX
   396 000003B4 39 C3                           	CMP	EBX,EAX
   397 000003B6 7E 02                           	JLE	L95
   398 000003B8 89 C3                           	MOV	EBX,EAX
   399 000003BA                                 L95:
   400 000003BA 83 FB FF                        	CMP	EBX,-1
   401 000003BD 7D 03                           	JGE	L96
   402 000003BF 83 CB FF                        	OR	EBX,-1
   403 000003C2                                 L96:
   404 000003C2 89 5F 18                        	MOV	DWORD [24+EDI],EBX
   405 000003C5 39 5D F0                        	CMP	DWORD [-16+EBP],EBX
   406 000003C8 0F 8E 000000A8                  	JLE	L97
   407 000003CE 85 DB                           	TEST	EBX,EBX
   408 000003D0 78 5C                           	JS	L98
   409 000003D2 8B 4D F0                        	MOV	ECX,DWORD [-16+EBP]
   410 000003D5                                 L103:
   411 000003D5 8B 44 8E 10                     	MOV	EAX,DWORD [16+ESI+ECX*4]
   412 000003D9 89 44 8E 14                     	MOV	DWORD [20+ESI+ECX*4],EAX
   413 000003DD 89 48 18                        	MOV	DWORD [24+EAX],ECX
   414 000003E0 49                              	DEC	ECX
   415 000003E1 39 D9                           	CMP	ECX,EBX
   416 000003E3 7F F0                           	JG	L103
   417 000003E5 89 7C 9E 14                     	MOV	DWORD [20+ESI+EBX*4],EDI
   418 000003E9 43                              	INC	EBX
   419 000003EA 53                              	PUSH	EBX
   420 000003EB 8B 4F 10                        	MOV	ECX,DWORD [16+EDI]
   421 000003EE 89 C8                           	MOV	EAX,ECX
   422 000003F0 03 47 08                        	ADD	EAX,DWORD [8+EDI]
   423 000003F3 50                              	PUSH	EAX
   424 000003F4 8B 57 0C                        	MOV	EDX,DWORD [12+EDI]
   425 000003F7 89 D0                           	MOV	EAX,EDX
   426 000003F9 03 47 04                        	ADD	EAX,DWORD [4+EDI]
   427 000003FC 50                              	PUSH	EAX
   428 000003FD 51                              	PUSH	ECX
   429 000003FE 52                              	PUSH	EDX
   430 000003FF 56                              	PUSH	ESI
   431 00000400 E8 FFFFFCD1                     	CALL	_sheet_refreshmap
   432 00000405 FF 75 F0                        	PUSH	DWORD [-16+EBP]
   433 00000408                                 L133:
   434 00000408 53                              	PUSH	EBX
   435 00000409                                 L132:
   436 00000409 8B 4F 10                        	MOV	ECX,DWORD [16+EDI]
   437 0000040C 89 C8                           	MOV	EAX,ECX
   438 0000040E 03 47 08                        	ADD	EAX,DWORD [8+EDI]
   439 00000411 50                              	PUSH	EAX
   440 00000412 8B 57 0C                        	MOV	EDX,DWORD [12+EDI]
   441 00000415 89 D0                           	MOV	EAX,EDX
   442 00000417 03 47 04                        	ADD	EAX,DWORD [4+EDI]
   443 0000041A 50                              	PUSH	EAX
   444 0000041B 51                              	PUSH	ECX
   445 0000041C 52                              	PUSH	EDX
   446 0000041D 56                              	PUSH	ESI
   447 0000041E E8 FFFFFE10                     	CALL	_sheet_refreshsub
   448 00000423 83 C4 34                        	ADD	ESP,52
   449 00000426                                 L94:
   450 00000426 8D 65 F4                        	LEA	ESP,DWORD [-12+EBP]
   451 00000429 5B                              	POP	EBX
   452 0000042A 5E                              	POP	ESI
   453 0000042B 5F                              	POP	EDI
   454 0000042C 5D                              	POP	EBP
   455 0000042D C3                              	RET
   456 0000042E                                 L98:
   457 0000042E 8B 46 10                        	MOV	EAX,DWORD [16+ESI]
   458 00000431 3B 45 F0                        	CMP	EAX,DWORD [-16+EBP]
   459 00000434 7E 18                           	JLE	L105
   460 00000436 8B 4D F0                        	MOV	ECX,DWORD [-16+EBP]
   461 00000439 39 C1                           	CMP	ECX,EAX
   462 0000043B 7D 11                           	JGE	L105
   463 0000043D                                 L110:
   464 0000043D 8B 44 8E 18                     	MOV	EAX,DWORD [24+ESI+ECX*4]
   465 00000441 89 44 8E 14                     	MOV	DWORD [20+ESI+ECX*4],EAX
   466 00000445 89 48 18                        	MOV	DWORD [24+EAX],ECX
   467 00000448 41                              	INC	ECX
   468 00000449 3B 4E 10                        	CMP	ECX,DWORD [16+ESI]
   469 0000044C 7C EF                           	JL	L110
   470 0000044E                                 L105:
   471 0000044E FF 4E 10                        	DEC	DWORD [16+ESI]
   472 00000451 6A 00                           	PUSH	0
   473 00000453 8B 4F 10                        	MOV	ECX,DWORD [16+EDI]
   474 00000456 89 C8                           	MOV	EAX,ECX
   475 00000458 03 47 08                        	ADD	EAX,DWORD [8+EDI]
   476 0000045B 50                              	PUSH	EAX
   477 0000045C 8B 57 0C                        	MOV	EDX,DWORD [12+EDI]
   478 0000045F 89 D0                           	MOV	EAX,EDX
   479 00000461 03 47 04                        	ADD	EAX,DWORD [4+EDI]
   480 00000464 50                              	PUSH	EAX
   481 00000465 51                              	PUSH	ECX
   482 00000466 52                              	PUSH	EDX
   483 00000467 56                              	PUSH	ESI
   484 00000468 E8 FFFFFC69                     	CALL	_sheet_refreshmap
   485 0000046D 8B 45 F0                        	MOV	EAX,DWORD [-16+EBP]
   486 00000470 48                              	DEC	EAX
   487 00000471 50                              	PUSH	EAX
   488 00000472 6A 00                           	PUSH	0
   489 00000474 EB 93                           	JMP	L132
   490 00000476                                 L97:
   491 00000476 39 5D F0                        	CMP	DWORD [-16+EBP],EBX
   492 00000479 7D AB                           	JGE	L94
   493 0000047B 83 7D F0 00                     	CMP	DWORD [-16+EBP],0
   494 0000047F 78 3C                           	JS	L113
   495 00000481 8B 4D F0                        	MOV	ECX,DWORD [-16+EBP]
   496 00000484 39 D9                           	CMP	ECX,EBX
   497 00000486 7D 10                           	JGE	L129
   498 00000488                                 L118:
   499 00000488 8B 44 8E 18                     	MOV	EAX,DWORD [24+ESI+ECX*4]
   500 0000048C 89 44 8E 14                     	MOV	DWORD [20+ESI+ECX*4],EAX
   501 00000490 89 48 18                        	MOV	DWORD [24+EAX],ECX
   502 00000493 41                              	INC	ECX
   503 00000494 39 D9                           	CMP	ECX,EBX
   504 00000496 7C F0                           	JL	L118
   505 00000498                                 L129:
   506 00000498 89 7C 9E 14                     	MOV	DWORD [20+ESI+EBX*4],EDI
   507 0000049C                                 L119:
   508 0000049C 53                              	PUSH	EBX
   509 0000049D 8B 4F 10                        	MOV	ECX,DWORD [16+EDI]
   510 000004A0 89 C8                           	MOV	EAX,ECX
   511 000004A2 03 47 08                        	ADD	EAX,DWORD [8+EDI]
   512 000004A5 50                              	PUSH	EAX
   513 000004A6 8B 57 0C                        	MOV	EDX,DWORD [12+EDI]
   514 000004A9 89 D0                           	MOV	EAX,EDX
   515 000004AB 03 47 04                        	ADD	EAX,DWORD [4+EDI]
   516 000004AE 50                              	PUSH	EAX
   517 000004AF 51                              	PUSH	ECX
   518 000004B0 52                              	PUSH	EDX
   519 000004B1 56                              	PUSH	ESI
   520 000004B2 E8 FFFFFC1F                     	CALL	_sheet_refreshmap
   521 000004B7 53                              	PUSH	EBX
   522 000004B8 E9 FFFFFF4B                     	JMP	L133
   523 000004BD                                 L113:
   524 000004BD 8B 4E 10                        	MOV	ECX,DWORD [16+ESI]
   525 000004C0 39 D9                           	CMP	ECX,EBX
   526 000004C2 7C 13                           	JL	L131
   527 000004C4                                 L124:
   528 000004C4 8B 54 8E 14                     	MOV	EDX,DWORD [20+ESI+ECX*4]
   529 000004C8 8D 41 01                        	LEA	EAX,DWORD [1+ECX]
   530 000004CB 89 54 8E 18                     	MOV	DWORD [24+ESI+ECX*4],EDX
   531 000004CF 49                              	DEC	ECX
   532 000004D0 89 42 18                        	MOV	DWORD [24+EDX],EAX
   533 000004D3 39 D9                           	CMP	ECX,EBX
   534 000004D5 7D ED                           	JGE	L124
   535 000004D7                                 L131:
   536 000004D7 89 7C 9E 14                     	MOV	DWORD [20+ESI+EBX*4],EDI
   537 000004DB FF 46 10                        	INC	DWORD [16+ESI]
   538 000004DE EB BC                           	JMP	L119
   539 000004E0                                 	GLOBAL	_sheet_refresh
   540 000004E0                                 _sheet_refresh:
   541 000004E0 55                              	PUSH	EBP
   542 000004E1 89 E5                           	MOV	EBP,ESP
   543 000004E3 53                              	PUSH	EBX
   544 000004E4 8B 5D 08                        	MOV	EBX,DWORD [8+EBP]
   545 000004E7 8B 43 18                        	MOV	EAX,DWORD [24+EBX]
   546 000004EA 85 C0                           	TEST	EAX,EAX
   547 000004EC 78 27                           	JS	L134
   548 000004EE 50                              	PUSH	EAX
   549 000004EF 50                              	PUSH	EAX
   550 000004F0 8B 4B 10                        	MOV	ECX,DWORD [16+EBX]
   551 000004F3 89 C8                           	MOV	EAX,ECX
   552 000004F5 03 4D 10                        	ADD	ECX,DWORD [16+EBP]
   553 000004F8 03 45 18                        	ADD	EAX,DWORD [24+EBP]
   554 000004FB 50                              	PUSH	EAX
   555 000004FC 8B 53 0C                        	MOV	EDX,DWORD [12+EBX]
   556 000004FF 89 D0                           	MOV	EAX,EDX
   557 00000501 03 55 0C                        	ADD	EDX,DWORD [12+EBP]
   558 00000504 03 45 14                        	ADD	EAX,DWORD [20+EBP]
   559 00000507 50                              	PUSH	EAX
   560 00000508 51                              	PUSH	ECX
   561 00000509 52                              	PUSH	EDX
   562 0000050A FF 73 20                        	PUSH	DWORD [32+EBX]
   563 0000050D E8 FFFFFD21                     	CALL	_sheet_refreshsub
   564 00000512 83 C4 1C                        	ADD	ESP,28
   565 00000515                                 L134:
   566 00000515 8B 5D FC                        	MOV	EBX,DWORD [-4+EBP]
   567 00000518 C9                              	LEAVE
   568 00000519 C3                              	RET
   569 0000051A                                 	GLOBAL	_sheet_slide
   570 0000051A                                 _sheet_slide:
   571 0000051A 55                              	PUSH	EBP
   572 0000051B 89 E5                           	MOV	EBP,ESP
   573 0000051D 57                              	PUSH	EDI
   574 0000051E 56                              	PUSH	ESI
   575 0000051F 53                              	PUSH	EBX
   576 00000520 53                              	PUSH	EBX
   577 00000521 8B 5D 08                        	MOV	EBX,DWORD [8+EBP]
   578 00000524 8B 43 20                        	MOV	EAX,DWORD [32+EBX]
   579 00000527 8B 7B 0C                        	MOV	EDI,DWORD [12+EBX]
   580 0000052A 89 45 F0                        	MOV	DWORD [-16+EBP],EAX
   581 0000052D 8B 73 10                        	MOV	ESI,DWORD [16+EBX]
   582 00000530 8B 45 0C                        	MOV	EAX,DWORD [12+EBP]
   583 00000533 89 43 0C                        	MOV	DWORD [12+EBX],EAX
   584 00000536 8B 45 10                        	MOV	EAX,DWORD [16+EBP]
   585 00000539 89 43 10                        	MOV	DWORD [16+EBX],EAX
   586 0000053C 83 7B 18 00                     	CMP	DWORD [24+EBX],0
   587 00000540 78 7C                           	JS	L136
   588 00000542 6A 00                           	PUSH	0
   589 00000544 89 F0                           	MOV	EAX,ESI
   590 00000546 03 43 08                        	ADD	EAX,DWORD [8+EBX]
   591 00000549 50                              	PUSH	EAX
   592 0000054A 89 F8                           	MOV	EAX,EDI
   593 0000054C 03 43 04                        	ADD	EAX,DWORD [4+EBX]
   594 0000054F 50                              	PUSH	EAX
   595 00000550 56                              	PUSH	ESI
   596 00000551 57                              	PUSH	EDI
   597 00000552 FF 75 F0                        	PUSH	DWORD [-16+EBP]
   598 00000555 E8 FFFFFB7C                     	CALL	_sheet_refreshmap
   599 0000055A 8B 45 10                        	MOV	EAX,DWORD [16+EBP]
   600 0000055D FF 73 18                        	PUSH	DWORD [24+EBX]
   601 00000560 03 43 08                        	ADD	EAX,DWORD [8+EBX]
   602 00000563 50                              	PUSH	EAX
   603 00000564 8B 45 0C                        	MOV	EAX,DWORD [12+EBP]
   604 00000567 03 43 04                        	ADD	EAX,DWORD [4+EBX]
   605 0000056A 50                              	PUSH	EAX
   606 0000056B FF 75 10                        	PUSH	DWORD [16+EBP]
   607 0000056E FF 75 0C                        	PUSH	DWORD [12+EBP]
   608 00000571 FF 75 F0                        	PUSH	DWORD [-16+EBP]
   609 00000574 E8 FFFFFB5D                     	CALL	_sheet_refreshmap
   610 00000579 8B 43 18                        	MOV	EAX,DWORD [24+EBX]
   611 0000057C 83 C4 30                        	ADD	ESP,48
   612 0000057F 48                              	DEC	EAX
   613 00000580 50                              	PUSH	EAX
   614 00000581 89 F0                           	MOV	EAX,ESI
   615 00000583 6A 00                           	PUSH	0
   616 00000585 03 43 08                        	ADD	EAX,DWORD [8+EBX]
   617 00000588 50                              	PUSH	EAX
   618 00000589 89 F8                           	MOV	EAX,EDI
   619 0000058B 03 43 04                        	ADD	EAX,DWORD [4+EBX]
   620 0000058E 50                              	PUSH	EAX
   621 0000058F 56                              	PUSH	ESI
   622 00000590 57                              	PUSH	EDI
   623 00000591 FF 75 F0                        	PUSH	DWORD [-16+EBP]
   624 00000594 E8 FFFFFC9A                     	CALL	_sheet_refreshsub
   625 00000599 8B 45 10                        	MOV	EAX,DWORD [16+EBP]
   626 0000059C FF 73 18                        	PUSH	DWORD [24+EBX]
   627 0000059F FF 73 18                        	PUSH	DWORD [24+EBX]
   628 000005A2 03 43 08                        	ADD	EAX,DWORD [8+EBX]
   629 000005A5 50                              	PUSH	EAX
   630 000005A6 8B 45 0C                        	MOV	EAX,DWORD [12+EBP]
   631 000005A9 03 43 04                        	ADD	EAX,DWORD [4+EBX]
   632 000005AC 50                              	PUSH	EAX
   633 000005AD FF 75 10                        	PUSH	DWORD [16+EBP]
   634 000005B0 FF 75 0C                        	PUSH	DWORD [12+EBP]
   635 000005B3 FF 75 F0                        	PUSH	DWORD [-16+EBP]
   636 000005B6 E8 FFFFFC78                     	CALL	_sheet_refreshsub
   637 000005BB 83 C4 38                        	ADD	ESP,56
   638 000005BE                                 L136:
   639 000005BE 8D 65 F4                        	LEA	ESP,DWORD [-12+EBP]
   640 000005C1 5B                              	POP	EBX
   641 000005C2 5E                              	POP	ESI
   642 000005C3 5F                              	POP	EDI
   643 000005C4 5D                              	POP	EBP
   644 000005C5 C3                              	RET
   645 000005C6                                 	GLOBAL	_sheet_free
   646 000005C6                                 _sheet_free:
   647 000005C6 55                              	PUSH	EBP
   648 000005C7 89 E5                           	MOV	EBP,ESP
   649 000005C9 53                              	PUSH	EBX
   650 000005CA 8B 5D 08                        	MOV	EBX,DWORD [8+EBP]
   651 000005CD 83 7B 18 00                     	CMP	DWORD [24+EBX],0
   652 000005D1 78 0A                           	JS	L139
   653 000005D3 6A FF                           	PUSH	-1
   654 000005D5 53                              	PUSH	EBX
   655 000005D6 E8 FFFFFDBF                     	CALL	_sheet_updown
   656 000005DB 58                              	POP	EAX
   657 000005DC 5A                              	POP	EDX
   658 000005DD                                 L139:
   659 000005DD C7 43 1C 00000000               	MOV	DWORD [28+EBX],0
   660 000005E4 8B 5D FC                        	MOV	EBX,DWORD [-4+EBP]
   661 000005E7 C9                              	LEAVE
   662 000005E8 C3                              	RET
